[0.068s] DEBUG:colcon:Command line arguments: ['/usr/bin/colcon', 'build']
[0.068s] DEBUG:colcon:Parsed command line arguments: Namespace(log_base=None, log_level=None, verb_name='build', build_base='build', install_base='install', merge_install=False, symlink_install=False, test_result_base=None, continue_on_error=False, executor='parallel', parallel_workers=12, event_handlers=None, ignore_user_meta=False, metas=['./colcon.meta'], base_paths=['.'], packages_ignore=None, packages_ignore_regex=None, paths=None, packages_up_to=None, packages_up_to_regex=None, packages_above=None, packages_above_and_dependencies=None, packages_above_depth=None, packages_select_by_dep=None, packages_skip_by_dep=None, packages_skip_up_to=None, packages_select_build_failed=False, packages_skip_build_finished=False, packages_select_test_failures=False, packages_skip_test_passed=False, packages_select=None, packages_skip=None, packages_select_regex=None, packages_skip_regex=None, packages_start=None, packages_end=None, allow_overriding=[], cmake_args=None, cmake_target=None, cmake_target_skip_unavailable=False, cmake_clean_cache=False, cmake_clean_first=False, cmake_force_configure=False, ament_cmake_args=None, catkin_cmake_args=None, catkin_skip_building_tests=False, verb_parser=<colcon_defaults.argument_parser.defaults.DefaultArgumentsDecorator object at 0x72b53283d330>, verb_extension=<colcon_core.verb.build.BuildVerb object at 0x72b53283c4f0>, main=<bound method BuildVerb.main of <colcon_core.verb.build.BuildVerb object at 0x72b53283c4f0>>)
[0.177s] Level 1:colcon.colcon_core.package_discovery:discover_packages(colcon_meta) check parameters
[0.177s] Level 1:colcon.colcon_core.package_discovery:discover_packages(recursive) check parameters
[0.177s] Level 1:colcon.colcon_core.package_discovery:discover_packages(ignore) check parameters
[0.177s] Level 1:colcon.colcon_core.package_discovery:discover_packages(path) check parameters
[0.177s] Level 1:colcon.colcon_core.package_discovery:discover_packages(colcon_meta) discover
[0.178s] Level 1:colcon.colcon_core.package_discovery:discover_packages(recursive) discover
[0.178s] INFO:colcon.colcon_core.package_discovery:Crawling recursively for packages in '/home/dilmac/udemy_ws'
[0.178s] Level 1:colcon.colcon_core.package_identification:_identify(.) by extensions ['ignore', 'ignore_ament_install']
[0.178s] Level 1:colcon.colcon_core.package_identification:_identify(.) by extension 'ignore'
[0.178s] Level 1:colcon.colcon_core.package_identification:_identify(.) by extension 'ignore_ament_install'
[0.178s] Level 1:colcon.colcon_core.package_identification:_identify(.) by extensions ['colcon_pkg']
[0.178s] Level 1:colcon.colcon_core.package_identification:_identify(.) by extension 'colcon_pkg'
[0.178s] Level 1:colcon.colcon_core.package_identification:_identify(.) by extensions ['colcon_meta']
[0.178s] Level 1:colcon.colcon_core.package_identification:_identify(.) by extension 'colcon_meta'
[0.178s] Level 1:colcon.colcon_core.package_identification:_identify(.) by extensions ['ros']
[0.178s] Level 1:colcon.colcon_core.package_identification:_identify(.) by extension 'ros'
[0.187s] Level 1:colcon.colcon_core.package_identification:_identify(.) by extensions ['cmake', 'python']
[0.187s] Level 1:colcon.colcon_core.package_identification:_identify(.) by extension 'cmake'
[0.187s] Level 1:colcon.colcon_core.package_identification:_identify(.) by extension 'python'
[0.187s] Level 1:colcon.colcon_core.package_identification:_identify(.) by extensions ['python_setup_py']
[0.187s] Level 1:colcon.colcon_core.package_identification:_identify(.) by extension 'python_setup_py'
[0.187s] Level 1:colcon.colcon_core.package_identification:_identify(build) by extensions ['ignore', 'ignore_ament_install']
[0.187s] Level 1:colcon.colcon_core.package_identification:_identify(build) by extension 'ignore'
[0.187s] Level 1:colcon.colcon_core.package_identification:_identify(build) ignored
[0.187s] Level 1:colcon.colcon_core.package_identification:_identify(install) by extensions ['ignore', 'ignore_ament_install']
[0.187s] Level 1:colcon.colcon_core.package_identification:_identify(install) by extension 'ignore'
[0.187s] Level 1:colcon.colcon_core.package_identification:_identify(install) ignored
[0.187s] Level 1:colcon.colcon_core.package_identification:_identify(log) by extensions ['ignore', 'ignore_ament_install']
[0.187s] Level 1:colcon.colcon_core.package_identification:_identify(log) by extension 'ignore'
[0.187s] Level 1:colcon.colcon_core.package_identification:_identify(log) ignored
[0.187s] Level 1:colcon.colcon_core.package_identification:_identify(src) by extensions ['ignore', 'ignore_ament_install']
[0.187s] Level 1:colcon.colcon_core.package_identification:_identify(src) by extension 'ignore'
[0.187s] Level 1:colcon.colcon_core.package_identification:_identify(src) by extension 'ignore_ament_install'
[0.188s] Level 1:colcon.colcon_core.package_identification:_identify(src) by extensions ['colcon_pkg']
[0.188s] Level 1:colcon.colcon_core.package_identification:_identify(src) by extension 'colcon_pkg'
[0.188s] Level 1:colcon.colcon_core.package_identification:_identify(src) by extensions ['colcon_meta']
[0.188s] Level 1:colcon.colcon_core.package_identification:_identify(src) by extension 'colcon_meta'
[0.188s] Level 1:colcon.colcon_core.package_identification:_identify(src) by extensions ['ros']
[0.188s] Level 1:colcon.colcon_core.package_identification:_identify(src) by extension 'ros'
[0.188s] Level 1:colcon.colcon_core.package_identification:_identify(src) by extensions ['cmake', 'python']
[0.188s] Level 1:colcon.colcon_core.package_identification:_identify(src) by extension 'cmake'
[0.188s] Level 1:colcon.colcon_core.package_identification:_identify(src) by extension 'python'
[0.188s] Level 1:colcon.colcon_core.package_identification:_identify(src) by extensions ['python_setup_py']
[0.188s] Level 1:colcon.colcon_core.package_identification:_identify(src) by extension 'python_setup_py'
[0.188s] Level 1:colcon.colcon_core.package_identification:_identify(src/cpp_pkg_example) by extensions ['ignore', 'ignore_ament_install']
[0.188s] Level 1:colcon.colcon_core.package_identification:_identify(src/cpp_pkg_example) by extension 'ignore'
[0.188s] Level 1:colcon.colcon_core.package_identification:_identify(src/cpp_pkg_example) by extension 'ignore_ament_install'
[0.188s] Level 1:colcon.colcon_core.package_identification:_identify(src/cpp_pkg_example) by extensions ['colcon_pkg']
[0.188s] Level 1:colcon.colcon_core.package_identification:_identify(src/cpp_pkg_example) by extension 'colcon_pkg'
[0.188s] Level 1:colcon.colcon_core.package_identification:_identify(src/cpp_pkg_example) by extensions ['colcon_meta']
[0.188s] Level 1:colcon.colcon_core.package_identification:_identify(src/cpp_pkg_example) by extension 'colcon_meta'
[0.188s] Level 1:colcon.colcon_core.package_identification:_identify(src/cpp_pkg_example) by extensions ['ros']
[0.188s] Level 1:colcon.colcon_core.package_identification:_identify(src/cpp_pkg_example) by extension 'ros'
[0.190s] DEBUG:colcon.colcon_core.package_identification:Package 'src/cpp_pkg_example' with type 'ros.ament_cmake' and name 'cpp_pkg_example'
[0.190s] Level 1:colcon.colcon_core.package_identification:_identify(src/py_pkg_example) by extensions ['ignore', 'ignore_ament_install']
[0.190s] Level 1:colcon.colcon_core.package_identification:_identify(src/py_pkg_example) by extension 'ignore'
[0.190s] Level 1:colcon.colcon_core.package_identification:_identify(src/py_pkg_example) by extension 'ignore_ament_install'
[0.190s] Level 1:colcon.colcon_core.package_identification:_identify(src/py_pkg_example) by extensions ['colcon_pkg']
[0.190s] Level 1:colcon.colcon_core.package_identification:_identify(src/py_pkg_example) by extension 'colcon_pkg'
[0.191s] Level 1:colcon.colcon_core.package_identification:_identify(src/py_pkg_example) by extensions ['colcon_meta']
[0.191s] Level 1:colcon.colcon_core.package_identification:_identify(src/py_pkg_example) by extension 'colcon_meta'
[0.191s] Level 1:colcon.colcon_core.package_identification:_identify(src/py_pkg_example) by extensions ['ros']
[0.191s] Level 1:colcon.colcon_core.package_identification:_identify(src/py_pkg_example) by extension 'ros'
[0.191s] DEBUG:colcon.colcon_core.package_identification:Package 'src/py_pkg_example' with type 'ros.ament_python' and name 'py_pkg_example'
[0.191s] Level 1:colcon.colcon_core.package_discovery:discover_packages(recursive) using defaults
[0.191s] Level 1:colcon.colcon_core.package_discovery:discover_packages(ignore) discover
[0.191s] Level 1:colcon.colcon_core.package_discovery:discover_packages(ignore) using defaults
[0.191s] Level 1:colcon.colcon_core.package_discovery:discover_packages(path) discover
[0.191s] Level 1:colcon.colcon_core.package_discovery:discover_packages(path) using defaults
[0.204s] Level 1:colcon.colcon_core.package_discovery:discover_packages(prefix_path) check parameters
[0.204s] Level 1:colcon.colcon_core.package_discovery:discover_packages(prefix_path) discover
[0.206s] DEBUG:colcon.colcon_installed_package_information.package_discovery:Found 2 installed packages in /home/dilmac/udemy_ws/install
[0.207s] DEBUG:colcon.colcon_installed_package_information.package_discovery:Found 1 installed packages in /home/dilmac/nahra_ws/install
[0.208s] DEBUG:colcon.colcon_installed_package_information.package_discovery:Found 324 installed packages in /opt/ros/humble
[0.217s] Level 1:colcon.colcon_core.package_discovery:discover_packages(prefix_path) using defaults
[0.243s] Level 5:colcon.colcon_core.verb:set package 'cpp_pkg_example' build argument 'cmake_args' from command line to 'None'
[0.243s] Level 5:colcon.colcon_core.verb:set package 'cpp_pkg_example' build argument 'cmake_target' from command line to 'None'
[0.244s] Level 5:colcon.colcon_core.verb:set package 'cpp_pkg_example' build argument 'cmake_target_skip_unavailable' from command line to 'False'
[0.244s] Level 5:colcon.colcon_core.verb:set package 'cpp_pkg_example' build argument 'cmake_clean_cache' from command line to 'False'
[0.244s] Level 5:colcon.colcon_core.verb:set package 'cpp_pkg_example' build argument 'cmake_clean_first' from command line to 'False'
[0.244s] Level 5:colcon.colcon_core.verb:set package 'cpp_pkg_example' build argument 'cmake_force_configure' from command line to 'False'
[0.244s] Level 5:colcon.colcon_core.verb:set package 'cpp_pkg_example' build argument 'ament_cmake_args' from command line to 'None'
[0.244s] Level 5:colcon.colcon_core.verb:set package 'cpp_pkg_example' build argument 'catkin_cmake_args' from command line to 'None'
[0.244s] Level 5:colcon.colcon_core.verb:set package 'cpp_pkg_example' build argument 'catkin_skip_building_tests' from command line to 'False'
[0.244s] DEBUG:colcon.colcon_core.verb:Building package 'cpp_pkg_example' with the following arguments: {'ament_cmake_args': None, 'build_base': '/home/dilmac/udemy_ws/build/cpp_pkg_example', 'catkin_cmake_args': None, 'catkin_skip_building_tests': False, 'cmake_args': None, 'cmake_clean_cache': False, 'cmake_clean_first': False, 'cmake_force_configure': False, 'cmake_target': None, 'cmake_target_skip_unavailable': False, 'install_base': '/home/dilmac/udemy_ws/install/cpp_pkg_example', 'merge_install': False, 'path': '/home/dilmac/udemy_ws/src/cpp_pkg_example', 'symlink_install': False, 'test_result_base': None}
[0.244s] Level 5:colcon.colcon_core.verb:set package 'py_pkg_example' build argument 'cmake_args' from command line to 'None'
[0.244s] Level 5:colcon.colcon_core.verb:set package 'py_pkg_example' build argument 'cmake_target' from command line to 'None'
[0.244s] Level 5:colcon.colcon_core.verb:set package 'py_pkg_example' build argument 'cmake_target_skip_unavailable' from command line to 'False'
[0.244s] Level 5:colcon.colcon_core.verb:set package 'py_pkg_example' build argument 'cmake_clean_cache' from command line to 'False'
[0.244s] Level 5:colcon.colcon_core.verb:set package 'py_pkg_example' build argument 'cmake_clean_first' from command line to 'False'
[0.244s] Level 5:colcon.colcon_core.verb:set package 'py_pkg_example' build argument 'cmake_force_configure' from command line to 'False'
[0.244s] Level 5:colcon.colcon_core.verb:set package 'py_pkg_example' build argument 'ament_cmake_args' from command line to 'None'
[0.244s] Level 5:colcon.colcon_core.verb:set package 'py_pkg_example' build argument 'catkin_cmake_args' from command line to 'None'
[0.244s] Level 5:colcon.colcon_core.verb:set package 'py_pkg_example' build argument 'catkin_skip_building_tests' from command line to 'False'
[0.244s] DEBUG:colcon.colcon_core.verb:Building package 'py_pkg_example' with the following arguments: {'ament_cmake_args': None, 'build_base': '/home/dilmac/udemy_ws/build/py_pkg_example', 'catkin_cmake_args': None, 'catkin_skip_building_tests': False, 'cmake_args': None, 'cmake_clean_cache': False, 'cmake_clean_first': False, 'cmake_force_configure': False, 'cmake_target': None, 'cmake_target_skip_unavailable': False, 'install_base': '/home/dilmac/udemy_ws/install/py_pkg_example', 'merge_install': False, 'path': '/home/dilmac/udemy_ws/src/py_pkg_example', 'symlink_install': False, 'test_result_base': None}
[0.244s] INFO:colcon.colcon_core.executor:Executing jobs using 'parallel' executor
[0.245s] DEBUG:colcon.colcon_parallel_executor.executor.parallel:run_until_complete
[0.245s] INFO:colcon.colcon_ros.task.ament_cmake.build:Building ROS package in '/home/dilmac/udemy_ws/src/cpp_pkg_example' with build type 'ament_cmake'
[0.245s] INFO:colcon.colcon_cmake.task.cmake.build:Building CMake package in '/home/dilmac/udemy_ws/src/cpp_pkg_example'
[0.246s] INFO:colcon.colcon_core.plugin_system:Skipping extension 'colcon_core.shell.bat': Not used on non-Windows systems
[0.247s] INFO:colcon.colcon_core.shell:Skip shell extension 'powershell' for command environment: Not usable outside of PowerShell
[0.247s] DEBUG:colcon.colcon_core.shell:Skip shell extension 'dsv' for command environment
[0.249s] INFO:colcon.colcon_ros.task.ament_python.build:Building ROS package in '/home/dilmac/udemy_ws/src/py_pkg_example' with build type 'ament_python'
[0.249s] Level 1:colcon.colcon_core.shell:create_environment_hook('py_pkg_example', 'ament_prefix_path')
[0.249s] INFO:colcon.colcon_core.shell:Creating environment hook '/home/dilmac/udemy_ws/install/py_pkg_example/share/py_pkg_example/hook/ament_prefix_path.ps1'
[0.250s] INFO:colcon.colcon_core.shell:Creating environment descriptor '/home/dilmac/udemy_ws/install/py_pkg_example/share/py_pkg_example/hook/ament_prefix_path.dsv'
[0.250s] INFO:colcon.colcon_core.shell:Creating environment hook '/home/dilmac/udemy_ws/install/py_pkg_example/share/py_pkg_example/hook/ament_prefix_path.sh'
[0.251s] INFO:colcon.colcon_core.shell:Skip shell extension 'powershell' for command environment: Not usable outside of PowerShell
[0.251s] DEBUG:colcon.colcon_core.shell:Skip shell extension 'dsv' for command environment
[0.257s] DEBUG:colcon.colcon_core.event_handler.log_command:Invoking command in '/home/dilmac/udemy_ws/build/cpp_pkg_example': CMAKE_PREFIX_PATH=${CMAKE_PREFIX_PATH}:/home/dilmac/udemy_ws/install/py_pkg_example:/opt/ros/humble /usr/bin/cmake --build /home/dilmac/udemy_ws/build/cpp_pkg_example -- -j12 -l12
[0.455s] INFO:colcon.colcon_core.task.python.build:Building Python package in '/home/dilmac/udemy_ws/src/py_pkg_example'
[0.456s] INFO:colcon.colcon_core.shell:Skip shell extension 'powershell' for command environment: Not usable outside of PowerShell
[0.456s] DEBUG:colcon.colcon_core.shell:Skip shell extension 'dsv' for command environment
[0.741s] DEBUG:colcon.colcon_core.event_handler.log_command:Invoking command in '/home/dilmac/udemy_ws/src/py_pkg_example': PYTHONPATH=/home/dilmac/udemy_ws/build/py_pkg_example/prefix_override:/home/dilmac/udemy_ws/install/py_pkg_example/lib/python3.10/site-packages:${PYTHONPATH} /usr/bin/python3 -W ignore:setup.py install is deprecated setup.py egg_info --egg-base ../../build/py_pkg_example build --build-base /home/dilmac/udemy_ws/build/py_pkg_example/build install --record /home/dilmac/udemy_ws/build/py_pkg_example/install.log --single-version-externally-managed install_data
[0.952s] DEBUG:colcon.colcon_core.event_handler.log_command:Invoked command in '/home/dilmac/udemy_ws/src/py_pkg_example' returned '0': PYTHONPATH=/home/dilmac/udemy_ws/build/py_pkg_example/prefix_override:/home/dilmac/udemy_ws/install/py_pkg_example/lib/python3.10/site-packages:${PYTHONPATH} /usr/bin/python3 -W ignore:setup.py install is deprecated setup.py egg_info --egg-base ../../build/py_pkg_example build --build-base /home/dilmac/udemy_ws/build/py_pkg_example/build install --record /home/dilmac/udemy_ws/build/py_pkg_example/install.log --single-version-externally-managed install_data
[0.954s] Level 1:colcon.colcon_core.environment:checking '/home/dilmac/udemy_ws/install/py_pkg_example' for CMake module files
[0.954s] Level 1:colcon.colcon_core.environment:checking '/home/dilmac/udemy_ws/install/py_pkg_example' for CMake config files
[0.955s] Level 1:colcon.colcon_core.environment:checking '/home/dilmac/udemy_ws/install/py_pkg_example/lib'
[0.955s] Level 1:colcon.colcon_core.environment:checking '/home/dilmac/udemy_ws/install/py_pkg_example/bin'
[0.955s] Level 1:colcon.colcon_core.environment:checking '/home/dilmac/udemy_ws/install/py_pkg_example/lib/pkgconfig/py_pkg_example.pc'
[0.955s] Level 1:colcon.colcon_core.environment:checking '/home/dilmac/udemy_ws/install/py_pkg_example/lib/python3.10/site-packages'
[0.955s] Level 1:colcon.colcon_core.shell:create_environment_hook('py_pkg_example', 'pythonpath')
[0.955s] INFO:colcon.colcon_core.shell:Creating environment hook '/home/dilmac/udemy_ws/install/py_pkg_example/share/py_pkg_example/hook/pythonpath.ps1'
[0.956s] INFO:colcon.colcon_core.shell:Creating environment descriptor '/home/dilmac/udemy_ws/install/py_pkg_example/share/py_pkg_example/hook/pythonpath.dsv'
[0.956s] INFO:colcon.colcon_core.shell:Creating environment hook '/home/dilmac/udemy_ws/install/py_pkg_example/share/py_pkg_example/hook/pythonpath.sh'
[0.956s] Level 1:colcon.colcon_core.environment:checking '/home/dilmac/udemy_ws/install/py_pkg_example/bin'
[0.956s] Level 1:colcon.colcon_core.environment:create_environment_scripts_only(py_pkg_example)
[0.956s] INFO:colcon.colcon_core.shell:Creating package script '/home/dilmac/udemy_ws/install/py_pkg_example/share/py_pkg_example/package.ps1'
[0.957s] INFO:colcon.colcon_core.shell:Creating package descriptor '/home/dilmac/udemy_ws/install/py_pkg_example/share/py_pkg_example/package.dsv'
[0.957s] INFO:colcon.colcon_core.shell:Creating package script '/home/dilmac/udemy_ws/install/py_pkg_example/share/py_pkg_example/package.sh'
[0.958s] INFO:colcon.colcon_core.shell:Creating package script '/home/dilmac/udemy_ws/install/py_pkg_example/share/py_pkg_example/package.bash'
[0.958s] INFO:colcon.colcon_core.shell:Creating package script '/home/dilmac/udemy_ws/install/py_pkg_example/share/py_pkg_example/package.zsh'
[0.959s] Level 1:colcon.colcon_core.environment:create_file_with_runtime_dependencies(/home/dilmac/udemy_ws/install/py_pkg_example/share/colcon-core/packages/py_pkg_example)
[2.657s] DEBUG:colcon.colcon_core.event_handler.log_command:Invoked command in '/home/dilmac/udemy_ws/build/cpp_pkg_example' returned '0': CMAKE_PREFIX_PATH=${CMAKE_PREFIX_PATH}:/home/dilmac/udemy_ws/install/py_pkg_example:/opt/ros/humble /usr/bin/cmake --build /home/dilmac/udemy_ws/build/cpp_pkg_example -- -j12 -l12
[2.681s] DEBUG:colcon.colcon_core.event_handler.log_command:Invoking command in '/home/dilmac/udemy_ws/build/cpp_pkg_example': CMAKE_PREFIX_PATH=${CMAKE_PREFIX_PATH}:/home/dilmac/udemy_ws/install/py_pkg_example:/opt/ros/humble /usr/bin/cmake --install /home/dilmac/udemy_ws/build/cpp_pkg_example
[2.688s] Level 1:colcon.colcon_core.environment:create_environment_scripts_only(cpp_pkg_example)
[2.688s] Level 1:colcon.colcon_core.environment:checking '/home/dilmac/udemy_ws/install/cpp_pkg_example' for CMake module files
[2.689s] DEBUG:colcon.colcon_core.event_handler.log_command:Invoked command in '/home/dilmac/udemy_ws/build/cpp_pkg_example' returned '0': CMAKE_PREFIX_PATH=${CMAKE_PREFIX_PATH}:/home/dilmac/udemy_ws/install/py_pkg_example:/opt/ros/humble /usr/bin/cmake --install /home/dilmac/udemy_ws/build/cpp_pkg_example
[2.689s] Level 1:colcon.colcon_core.environment:checking '/home/dilmac/udemy_ws/install/cpp_pkg_example' for CMake config files
[2.689s] Level 1:colcon.colcon_core.shell:create_environment_hook('cpp_pkg_example', 'cmake_prefix_path')
[2.689s] INFO:colcon.colcon_core.shell:Creating environment hook '/home/dilmac/udemy_ws/install/cpp_pkg_example/share/cpp_pkg_example/hook/cmake_prefix_path.ps1'
[2.690s] INFO:colcon.colcon_core.shell:Creating environment descriptor '/home/dilmac/udemy_ws/install/cpp_pkg_example/share/cpp_pkg_example/hook/cmake_prefix_path.dsv'
[2.690s] INFO:colcon.colcon_core.shell:Creating environment hook '/home/dilmac/udemy_ws/install/cpp_pkg_example/share/cpp_pkg_example/hook/cmake_prefix_path.sh'
[2.690s] Level 1:colcon.colcon_core.environment:checking '/home/dilmac/udemy_ws/install/cpp_pkg_example/lib'
[2.690s] Level 1:colcon.colcon_core.environment:checking '/home/dilmac/udemy_ws/install/cpp_pkg_example/bin'
[2.690s] Level 1:colcon.colcon_core.environment:checking '/home/dilmac/udemy_ws/install/cpp_pkg_example/lib/pkgconfig/cpp_pkg_example.pc'
[2.690s] Level 1:colcon.colcon_core.environment:checking '/home/dilmac/udemy_ws/install/cpp_pkg_example/lib/python3.10/site-packages'
[2.690s] Level 1:colcon.colcon_core.environment:checking '/home/dilmac/udemy_ws/install/cpp_pkg_example/bin'
[2.691s] INFO:colcon.colcon_core.shell:Creating package script '/home/dilmac/udemy_ws/install/cpp_pkg_example/share/cpp_pkg_example/package.ps1'
[2.691s] INFO:colcon.colcon_core.shell:Creating package descriptor '/home/dilmac/udemy_ws/install/cpp_pkg_example/share/cpp_pkg_example/package.dsv'
[2.691s] INFO:colcon.colcon_core.shell:Creating package script '/home/dilmac/udemy_ws/install/cpp_pkg_example/share/cpp_pkg_example/package.sh'
[2.691s] INFO:colcon.colcon_core.shell:Creating package script '/home/dilmac/udemy_ws/install/cpp_pkg_example/share/cpp_pkg_example/package.bash'
[2.691s] INFO:colcon.colcon_core.shell:Creating package script '/home/dilmac/udemy_ws/install/cpp_pkg_example/share/cpp_pkg_example/package.zsh'
[2.692s] Level 1:colcon.colcon_core.environment:create_file_with_runtime_dependencies(/home/dilmac/udemy_ws/install/cpp_pkg_example/share/colcon-core/packages/cpp_pkg_example)
[2.710s] Level 1:colcon.colcon_core.environment:create_environment_scripts_only(cpp_pkg_example)
[2.710s] Level 1:colcon.colcon_core.environment:checking '/home/dilmac/udemy_ws/install/cpp_pkg_example' for CMake module files
[2.710s] Level 1:colcon.colcon_core.environment:checking '/home/dilmac/udemy_ws/install/cpp_pkg_example' for CMake config files
[2.711s] Level 1:colcon.colcon_core.shell:create_environment_hook('cpp_pkg_example', 'cmake_prefix_path')
[2.711s] INFO:colcon.colcon_core.shell:Creating environment hook '/home/dilmac/udemy_ws/install/cpp_pkg_example/share/cpp_pkg_example/hook/cmake_prefix_path.ps1'
[2.711s] INFO:colcon.colcon_core.shell:Creating environment descriptor '/home/dilmac/udemy_ws/install/cpp_pkg_example/share/cpp_pkg_example/hook/cmake_prefix_path.dsv'
[2.711s] INFO:colcon.colcon_core.shell:Creating environment hook '/home/dilmac/udemy_ws/install/cpp_pkg_example/share/cpp_pkg_example/hook/cmake_prefix_path.sh'
[2.712s] Level 1:colcon.colcon_core.environment:checking '/home/dilmac/udemy_ws/install/cpp_pkg_example/lib'
[2.712s] Level 1:colcon.colcon_core.environment:checking '/home/dilmac/udemy_ws/install/cpp_pkg_example/bin'
[2.712s] Level 1:colcon.colcon_core.environment:checking '/home/dilmac/udemy_ws/install/cpp_pkg_example/lib/pkgconfig/cpp_pkg_example.pc'
[2.712s] Level 1:colcon.colcon_core.environment:checking '/home/dilmac/udemy_ws/install/cpp_pkg_example/lib/python3.10/site-packages'
[2.712s] Level 1:colcon.colcon_core.environment:checking '/home/dilmac/udemy_ws/install/cpp_pkg_example/bin'
[2.712s] INFO:colcon.colcon_core.shell:Creating package script '/home/dilmac/udemy_ws/install/cpp_pkg_example/share/cpp_pkg_example/package.ps1'
[2.712s] INFO:colcon.colcon_core.shell:Creating package descriptor '/home/dilmac/udemy_ws/install/cpp_pkg_example/share/cpp_pkg_example/package.dsv'
[2.713s] INFO:colcon.colcon_core.shell:Creating package script '/home/dilmac/udemy_ws/install/cpp_pkg_example/share/cpp_pkg_example/package.sh'
[2.713s] INFO:colcon.colcon_core.shell:Creating package script '/home/dilmac/udemy_ws/install/cpp_pkg_example/share/cpp_pkg_example/package.bash'
[2.713s] INFO:colcon.colcon_core.shell:Creating package script '/home/dilmac/udemy_ws/install/cpp_pkg_example/share/cpp_pkg_example/package.zsh'
[2.713s] Level 1:colcon.colcon_core.environment:create_file_with_runtime_dependencies(/home/dilmac/udemy_ws/install/cpp_pkg_example/share/colcon-core/packages/cpp_pkg_example)
[2.713s] DEBUG:colcon.colcon_parallel_executor.executor.parallel:closing loop
[2.714s] DEBUG:colcon.colcon_parallel_executor.executor.parallel:loop closed
[2.714s] DEBUG:colcon.colcon_parallel_executor.executor.parallel:run_until_complete finished with '0'
[2.714s] DEBUG:colcon.colcon_core.event_reactor:joining thread
[2.718s] INFO:colcon.colcon_core.plugin_system:Skipping extension 'colcon_notification.desktop_notification.terminal_notifier': Not used on non-Darwin systems
[2.718s] INFO:colcon.colcon_core.plugin_system:Skipping extension 'colcon_notification.desktop_notification.win32': Not used on non-Windows systems
[2.718s] INFO:colcon.colcon_notification.desktop_notification:Sending desktop notification using 'notify2'
[2.725s] DEBUG:colcon.colcon_core.event_reactor:joined thread
[2.725s] INFO:colcon.colcon_core.shell:Creating prefix script '/home/dilmac/udemy_ws/install/local_setup.ps1'
[2.726s] INFO:colcon.colcon_core.shell:Creating prefix util module '/home/dilmac/udemy_ws/install/_local_setup_util_ps1.py'
[2.727s] INFO:colcon.colcon_core.shell:Creating prefix chain script '/home/dilmac/udemy_ws/install/setup.ps1'
[2.728s] INFO:colcon.colcon_core.shell:Creating prefix script '/home/dilmac/udemy_ws/install/local_setup.sh'
[2.728s] INFO:colcon.colcon_core.shell:Creating prefix util module '/home/dilmac/udemy_ws/install/_local_setup_util_sh.py'
[2.728s] INFO:colcon.colcon_core.shell:Creating prefix chain script '/home/dilmac/udemy_ws/install/setup.sh'
[2.729s] INFO:colcon.colcon_core.shell:Creating prefix script '/home/dilmac/udemy_ws/install/local_setup.bash'
[2.729s] INFO:colcon.colcon_core.shell:Creating prefix chain script '/home/dilmac/udemy_ws/install/setup.bash'
[2.730s] INFO:colcon.colcon_core.shell:Creating prefix script '/home/dilmac/udemy_ws/install/local_setup.zsh'
[2.730s] INFO:colcon.colcon_core.shell:Creating prefix chain script '/home/dilmac/udemy_ws/install/setup.zsh'
