[0.010s] Invoking command in '/home/dilmac/udemy_ws/build/cpp_pkg_example': CMAKE_PREFIX_PATH=${CMAKE_PREFIX_PATH}:/opt/ros/humble /usr/bin/cmake --build /home/dilmac/udemy_ws/build/cpp_pkg_example -- -j12 -l12
[0.178s] Invoked command in '/home/dilmac/udemy_ws/build/cpp_pkg_example' returned '0': CMAKE_PREFIX_PATH=${CMAKE_PREFIX_PATH}:/opt/ros/humble /usr/bin/cmake --build /home/dilmac/udemy_ws/build/cpp_pkg_example -- -j12 -l12
[0.199s] Invoking command in '/home/dilmac/udemy_ws/build/cpp_pkg_example': CMAKE_PREFIX_PATH=${CMAKE_PREFIX_PATH}:/opt/ros/humble /usr/bin/cmake --install /home/dilmac/udemy_ws/build/cpp_pkg_example
[0.205s] -- Install configuration: ""
[0.205s] -- Up-to-date: /home/dilmac/udemy_ws/install/cpp_pkg_example/share/ament_index/resource_index/package_run_dependencies/cpp_pkg_example
[0.205s] -- Up-to-date: /home/dilmac/udemy_ws/install/cpp_pkg_example/share/ament_index/resource_index/parent_prefix_path/cpp_pkg_example
[0.205s] -- Up-to-date: /home/dilmac/udemy_ws/install/cpp_pkg_example/share/cpp_pkg_example/environment/ament_prefix_path.sh
[0.205s] -- Up-to-date: /home/dilmac/udemy_ws/install/cpp_pkg_example/share/cpp_pkg_example/environment/ament_prefix_path.dsv
[0.205s] -- Up-to-date: /home/dilmac/udemy_ws/install/cpp_pkg_example/share/cpp_pkg_example/environment/path.sh
[0.205s] -- Up-to-date: /home/dilmac/udemy_ws/install/cpp_pkg_example/share/cpp_pkg_example/environment/path.dsv
[0.205s] -- Up-to-date: /home/dilmac/udemy_ws/install/cpp_pkg_example/share/cpp_pkg_example/local_setup.bash
[0.205s] -- Up-to-date: /home/dilmac/udemy_ws/install/cpp_pkg_example/share/cpp_pkg_example/local_setup.sh
[0.205s] -- Up-to-date: /home/dilmac/udemy_ws/install/cpp_pkg_example/share/cpp_pkg_example/local_setup.zsh
[0.205s] -- Up-to-date: /home/dilmac/udemy_ws/install/cpp_pkg_example/share/cpp_pkg_example/local_setup.dsv
[0.205s] -- Up-to-date: /home/dilmac/udemy_ws/install/cpp_pkg_example/share/cpp_pkg_example/package.dsv
[0.205s] -- Up-to-date: /home/dilmac/udemy_ws/install/cpp_pkg_example/share/ament_index/resource_index/packages/cpp_pkg_example
[0.205s] -- Up-to-date: /home/dilmac/udemy_ws/install/cpp_pkg_example/share/cpp_pkg_example/cmake/cpp_pkg_exampleConfig.cmake
[0.205s] -- Up-to-date: /home/dilmac/udemy_ws/install/cpp_pkg_example/share/cpp_pkg_example/cmake/cpp_pkg_exampleConfig-version.cmake
[0.205s] -- Up-to-date: /home/dilmac/udemy_ws/install/cpp_pkg_example/share/cpp_pkg_example/package.xml
[0.206s] Invoked command in '/home/dilmac/udemy_ws/build/cpp_pkg_example' returned '0': CMAKE_PREFIX_PATH=${CMAKE_PREFIX_PATH}:/opt/ros/humble /usr/bin/cmake --install /home/dilmac/udemy_ws/build/cpp_pkg_example
