[35m[1mConsolidate compiler generated dependencies of target cpp_node_oop[0m
[35m[1mConsolidate compiler generated dependencies of target cpp_node[0m
[ 75%] [32mBuilding CXX object CMakeFiles/cpp_node_oop.dir/src/cpp_node_oop.cpp.o[0m
[ 75%] Built target cpp_node
[100%] [32m[1mLinking CXX executable cpp_node_oop[0m
[100%] Built target cpp_node_oop
-- Install configuration: ""
-- Up-to-date: /home/dilmac/udemy_ws/install/cpp_pkg_example/lib/cpp_pkg_example/cpp_node
-- Installing: /home/dilmac/udemy_ws/install/cpp_pkg_example/lib/cpp_pkg_example/cpp_node_oop
-- Set runtime path of "/home/dilmac/udemy_ws/install/cpp_pkg_example/lib/cpp_pkg_example/cpp_node_oop" to ""
-- Up-to-date: /home/dilmac/udemy_ws/install/cpp_pkg_example/share/ament_index/resource_index/package_run_dependencies/cpp_pkg_example
-- Up-to-date: /home/dilmac/udemy_ws/install/cpp_pkg_example/share/ament_index/resource_index/parent_prefix_path/cpp_pkg_example
-- Up-to-date: /home/dilmac/udemy_ws/install/cpp_pkg_example/share/cpp_pkg_example/environment/ament_prefix_path.sh
-- Up-to-date: /home/dilmac/udemy_ws/install/cpp_pkg_example/share/cpp_pkg_example/environment/ament_prefix_path.dsv
-- Up-to-date: /home/dilmac/udemy_ws/install/cpp_pkg_example/share/cpp_pkg_example/environment/path.sh
-- Up-to-date: /home/dilmac/udemy_ws/install/cpp_pkg_example/share/cpp_pkg_example/environment/path.dsv
-- Up-to-date: /home/dilmac/udemy_ws/install/cpp_pkg_example/share/cpp_pkg_example/local_setup.bash
-- Up-to-date: /home/dilmac/udemy_ws/install/cpp_pkg_example/share/cpp_pkg_example/local_setup.sh
-- Up-to-date: /home/dilmac/udemy_ws/install/cpp_pkg_example/share/cpp_pkg_example/local_setup.zsh
-- Up-to-date: /home/dilmac/udemy_ws/install/cpp_pkg_example/share/cpp_pkg_example/local_setup.dsv
-- Installing: /home/dilmac/udemy_ws/install/cpp_pkg_example/share/cpp_pkg_example/package.dsv
-- Up-to-date: /home/dilmac/udemy_ws/install/cpp_pkg_example/share/ament_index/resource_index/packages/cpp_pkg_example
-- Up-to-date: /home/dilmac/udemy_ws/install/cpp_pkg_example/share/cpp_pkg_example/cmake/cpp_pkg_exampleConfig.cmake
-- Up-to-date: /home/dilmac/udemy_ws/install/cpp_pkg_example/share/cpp_pkg_example/cmake/cpp_pkg_exampleConfig-version.cmake
-- Up-to-date: /home/dilmac/udemy_ws/install/cpp_pkg_example/share/cpp_pkg_example/package.xml
