-- Found ament_cmake: 1.3.8 (/opt/ros/humble/share/ament_cmake/cmake)
-- Override CMake install command with custom implementation using symlinks instead of copying resources
-- Found rclcpp: 16.0.8 (/opt/ros/humble/share/rclcpp/cmake)
-- Found rosidl_generator_c: 3.1.5 (/opt/ros/humble/share/rosidl_generator_c/cmake)
-- Found rosidl_adapter: 3.1.5 (/opt/ros/humble/share/rosidl_adapter/cmake)
-- Found rosidl_generator_cpp: 3.1.5 (/opt/ros/humble/share/rosidl_generator_cpp/cmake)
-- Using all available rosidl_typesupport_c: rosidl_typesupport_fastrtps_c;rosidl_typesupport_introspection_c
-- Using all available rosidl_typesupport_cpp: rosidl_typesupport_fastrtps_cpp;rosidl_typesupport_introspection_cpp
-- Found rmw_implementation_cmake: 6.1.1 (/opt/ros/humble/share/rmw_implementation_cmake/cmake)
-- Found rmw_fastrtps_cpp: 6.2.6 (/opt/ros/humble/share/rmw_fastrtps_cpp/cmake)
-- Using RMW implementation 'rmw_fastrtps_cpp' as default
-- Found ament_lint_auto: 0.12.10 (/opt/ros/humble/share/ament_lint_auto/cmake)
-- Added test 'cppcheck' to perform static code analysis on C / C++ code
-- Configured cppcheck include dirs: 
-- Configured cppcheck exclude dirs and/or files: 
-- Added test 'lint_cmake' to check CMake code style
-- Added test 'uncrustify' to check C / C++ code style
-- Configured uncrustify additional arguments: 
-- Added test 'xmllint' to check XML markup files
-- Configuring done
-- Generating done
-- Build files have been written to: /home/dilmac/udemy_ws/build/cpp_pkg_example
[35m[1mConsolidate compiler generated dependencies of target cpp_node_oop[0m
[35m[1mConsolidate compiler generated dependencies of target cpp_node[0m
[ 25%] [32m[1mLinking CXX executable cpp_node_oop[0m
[ 50%] [32m[1mLinking CXX executable cpp_node[0m
[ 75%] Built target cpp_node
[100%] Built target cpp_node_oop
-- Install configuration: ""
-- Execute custom install script
-- Symlinking: /home/dilmac/udemy_ws/install/cpp_pkg_example/lib/cpp_pkg_example/cpp_node
-- Symlinking: /home/dilmac/udemy_ws/install/cpp_pkg_example/lib/cpp_pkg_example/cpp_node_oop
-- Symlinking: /home/dilmac/udemy_ws/install/cpp_pkg_example/share/ament_index/resource_index/package_run_dependencies/cpp_pkg_example
-- Symlinking: /home/dilmac/udemy_ws/install/cpp_pkg_example/share/ament_index/resource_index/parent_prefix_path/cpp_pkg_example
-- Symlinking: /home/dilmac/udemy_ws/install/cpp_pkg_example/share/cpp_pkg_example/environment/ament_prefix_path.sh
-- Symlinking: /home/dilmac/udemy_ws/install/cpp_pkg_example/share/cpp_pkg_example/environment/ament_prefix_path.dsv
-- Symlinking: /home/dilmac/udemy_ws/install/cpp_pkg_example/share/cpp_pkg_example/environment/path.sh
-- Symlinking: /home/dilmac/udemy_ws/install/cpp_pkg_example/share/cpp_pkg_example/environment/path.dsv
-- Symlinking: /home/dilmac/udemy_ws/install/cpp_pkg_example/share/cpp_pkg_example/local_setup.bash
-- Symlinking: /home/dilmac/udemy_ws/install/cpp_pkg_example/share/cpp_pkg_example/local_setup.sh
-- Symlinking: /home/dilmac/udemy_ws/install/cpp_pkg_example/share/cpp_pkg_example/local_setup.zsh
-- Symlinking: /home/dilmac/udemy_ws/install/cpp_pkg_example/share/cpp_pkg_example/local_setup.dsv
-- Symlinking: /home/dilmac/udemy_ws/install/cpp_pkg_example/share/cpp_pkg_example/package.dsv
-- Symlinking: /home/dilmac/udemy_ws/install/cpp_pkg_example/share/ament_index/resource_index/packages/cpp_pkg_example
-- Symlinking: /home/dilmac/udemy_ws/install/cpp_pkg_example/share/cpp_pkg_example/cmake/cpp_pkg_exampleConfig.cmake
-- Symlinking: /home/dilmac/udemy_ws/install/cpp_pkg_example/share/cpp_pkg_example/cmake/cpp_pkg_exampleConfig-version.cmake
-- Symlinking: /home/dilmac/udemy_ws/install/cpp_pkg_example/share/cpp_pkg_example/package.xml
