[0.009s] Invoking command in '/home/dilmac/udemy_ws/build/cpp_pkg_example': CMAKE_PREFIX_PATH=${CMAKE_PREFIX_PATH}:/home/dilmac/udemy_ws/install/py_pkg_example:/opt/ros/humble /usr/bin/cmake /home/dilmac/udemy_ws/src/cpp_pkg_example -DAMENT_CMAKE_SYMLINK_INSTALL=1 -DCMAKE_INSTALL_PREFIX=/home/dilmac/udemy_ws/install/cpp_pkg_example
[0.023s] -- Found ament_cmake: 1.3.8 (/opt/ros/humble/share/ament_cmake/cmake)
[0.107s] -- Override CMake install command with custom implementation using symlinks instead of copying resources
[0.118s] -- Found rclcpp: 16.0.8 (/opt/ros/humble/share/rclcpp/cmake)
[0.143s] -- Found rosidl_generator_c: 3.1.5 (/opt/ros/humble/share/rosidl_generator_c/cmake)
[0.145s] -- Found rosidl_adapter: 3.1.5 (/opt/ros/humble/share/rosidl_adapter/cmake)
[0.151s] -- Found rosidl_generator_cpp: 3.1.5 (/opt/ros/humble/share/rosidl_generator_cpp/cmake)
[0.160s] -- Using all available rosidl_typesupport_c: rosidl_typesupport_fastrtps_c;rosidl_typesupport_introspection_c
[0.172s] -- Using all available rosidl_typesupport_cpp: rosidl_typesupport_fastrtps_cpp;rosidl_typesupport_introspection_cpp
[0.215s] -- Found rmw_implementation_cmake: 6.1.1 (/opt/ros/humble/share/rmw_implementation_cmake/cmake)
[0.216s] -- Found rmw_fastrtps_cpp: 6.2.6 (/opt/ros/humble/share/rmw_fastrtps_cpp/cmake)
[0.297s] -- Using RMW implementation 'rmw_fastrtps_cpp' as default
[0.404s] -- Found ament_lint_auto: 0.12.10 (/opt/ros/humble/share/ament_lint_auto/cmake)
[0.457s] -- Added test 'cppcheck' to perform static code analysis on C / C++ code
[0.457s] -- Configured cppcheck include dirs: 
[0.457s] -- Configured cppcheck exclude dirs and/or files: 
[0.458s] -- Added test 'lint_cmake' to check CMake code style
[0.458s] -- Added test 'uncrustify' to check C / C++ code style
[0.458s] -- Configured uncrustify additional arguments: 
[0.459s] -- Added test 'xmllint' to check XML markup files
[0.460s] -- Configuring done
[0.467s] -- Generating done
[0.468s] -- Build files have been written to: /home/dilmac/udemy_ws/build/cpp_pkg_example
[0.473s] Invoked command in '/home/dilmac/udemy_ws/build/cpp_pkg_example' returned '0': CMAKE_PREFIX_PATH=${CMAKE_PREFIX_PATH}:/home/dilmac/udemy_ws/install/py_pkg_example:/opt/ros/humble /usr/bin/cmake /home/dilmac/udemy_ws/src/cpp_pkg_example -DAMENT_CMAKE_SYMLINK_INSTALL=1 -DCMAKE_INSTALL_PREFIX=/home/dilmac/udemy_ws/install/cpp_pkg_example
[0.474s] Invoking command in '/home/dilmac/udemy_ws/build/cpp_pkg_example': CMAKE_PREFIX_PATH=${CMAKE_PREFIX_PATH}:/home/dilmac/udemy_ws/install/py_pkg_example:/opt/ros/humble /usr/bin/cmake --build /home/dilmac/udemy_ws/build/cpp_pkg_example -- -j12 -l12
[0.499s] [35m[1mConsolidate compiler generated dependencies of target cpp_node_oop[0m
[0.499s] [35m[1mConsolidate compiler generated dependencies of target cpp_node[0m
[0.510s] [ 25%] [32m[1mLinking CXX executable cpp_node_oop[0m
[0.512s] [ 50%] [32m[1mLinking CXX executable cpp_node[0m
[0.592s] [ 75%] Built target cpp_node
[0.617s] [100%] Built target cpp_node_oop
[0.625s] Invoked command in '/home/dilmac/udemy_ws/build/cpp_pkg_example' returned '0': CMAKE_PREFIX_PATH=${CMAKE_PREFIX_PATH}:/home/dilmac/udemy_ws/install/py_pkg_example:/opt/ros/humble /usr/bin/cmake --build /home/dilmac/udemy_ws/build/cpp_pkg_example -- -j12 -l12
[0.649s] Invoking command in '/home/dilmac/udemy_ws/build/cpp_pkg_example': CMAKE_PREFIX_PATH=${CMAKE_PREFIX_PATH}:/home/dilmac/udemy_ws/install/py_pkg_example:/opt/ros/humble /usr/bin/cmake --install /home/dilmac/udemy_ws/build/cpp_pkg_example
[0.653s] -- Install configuration: ""
[0.653s] -- Execute custom install script
[0.653s] -- Symlinking: /home/dilmac/udemy_ws/install/cpp_pkg_example/lib/cpp_pkg_example/cpp_node
[0.660s] -- Symlinking: /home/dilmac/udemy_ws/install/cpp_pkg_example/lib/cpp_pkg_example/cpp_node_oop
[0.666s] -- Symlinking: /home/dilmac/udemy_ws/install/cpp_pkg_example/share/ament_index/resource_index/package_run_dependencies/cpp_pkg_example
[0.671s] -- Symlinking: /home/dilmac/udemy_ws/install/cpp_pkg_example/share/ament_index/resource_index/parent_prefix_path/cpp_pkg_example
[0.677s] -- Symlinking: /home/dilmac/udemy_ws/install/cpp_pkg_example/share/cpp_pkg_example/environment/ament_prefix_path.sh
[0.682s] -- Symlinking: /home/dilmac/udemy_ws/install/cpp_pkg_example/share/cpp_pkg_example/environment/ament_prefix_path.dsv
[0.688s] -- Symlinking: /home/dilmac/udemy_ws/install/cpp_pkg_example/share/cpp_pkg_example/environment/path.sh
[0.694s] -- Symlinking: /home/dilmac/udemy_ws/install/cpp_pkg_example/share/cpp_pkg_example/environment/path.dsv
[0.700s] -- Symlinking: /home/dilmac/udemy_ws/install/cpp_pkg_example/share/cpp_pkg_example/local_setup.bash
[0.706s] -- Symlinking: /home/dilmac/udemy_ws/install/cpp_pkg_example/share/cpp_pkg_example/local_setup.sh
[0.713s] -- Symlinking: /home/dilmac/udemy_ws/install/cpp_pkg_example/share/cpp_pkg_example/local_setup.zsh
[0.719s] -- Symlinking: /home/dilmac/udemy_ws/install/cpp_pkg_example/share/cpp_pkg_example/local_setup.dsv
[0.724s] -- Symlinking: /home/dilmac/udemy_ws/install/cpp_pkg_example/share/cpp_pkg_example/package.dsv
[0.730s] -- Symlinking: /home/dilmac/udemy_ws/install/cpp_pkg_example/share/ament_index/resource_index/packages/cpp_pkg_example
[0.736s] -- Symlinking: /home/dilmac/udemy_ws/install/cpp_pkg_example/share/cpp_pkg_example/cmake/cpp_pkg_exampleConfig.cmake
[0.741s] -- Symlinking: /home/dilmac/udemy_ws/install/cpp_pkg_example/share/cpp_pkg_example/cmake/cpp_pkg_exampleConfig-version.cmake
[0.746s] -- Symlinking: /home/dilmac/udemy_ws/install/cpp_pkg_example/share/cpp_pkg_example/package.xml
[0.753s] Invoked command in '/home/dilmac/udemy_ws/build/cpp_pkg_example' returned '0': CMAKE_PREFIX_PATH=${CMAKE_PREFIX_PATH}:/home/dilmac/udemy_ws/install/py_pkg_example:/opt/ros/humble /usr/bin/cmake --install /home/dilmac/udemy_ws/build/cpp_pkg_example
