[0.009s] Invoking command in '/home/dilmac/udemy_ws/build/cpp_pkg_example': CMAKE_PREFIX_PATH=${CMAKE_PREFIX_PATH}:/home/dilmac/udemy_ws/install/py_pkg_example:/opt/ros/humble /usr/bin/cmake /home/dilmac/udemy_ws/src/cpp_pkg_example -DCMAKE_INSTALL_PREFIX=/home/dilmac/udemy_ws/install/cpp_pkg_example
[0.064s] -- The C compiler identification is GNU 11.4.0
[0.109s] -- The CXX compiler identification is GNU 11.4.0
[0.114s] -- Detecting C compiler ABI info
[0.158s] -- Detecting C compiler ABI info - done
[0.163s] -- Check for working C compiler: /usr/bin/cc - skipped
[0.163s] -- Detecting C compile features
[0.164s] -- Detecting C compile features - done
[0.166s] -- Detecting CXX compiler ABI info
[0.217s] -- Detecting CXX compiler ABI info - done
[0.221s] -- Check for working CXX compiler: /usr/bin/c++ - skipped
[0.221s] -- Detecting CXX compile features
[0.222s] -- Detecting CXX compile features - done
[0.223s] -- Found ament_cmake: 1.3.8 (/opt/ros/humble/share/ament_cmake/cmake)
[0.316s] -- Found Python3: /usr/bin/python3 (found version "3.10.12") found components: Interpreter 
[0.373s] -- Found rclcpp: 16.0.8 (/opt/ros/humble/share/rclcpp/cmake)
[0.400s] -- Found rosidl_generator_c: 3.1.5 (/opt/ros/humble/share/rosidl_generator_c/cmake)
[0.403s] -- Found rosidl_adapter: 3.1.5 (/opt/ros/humble/share/rosidl_adapter/cmake)
[0.409s] -- Found rosidl_generator_cpp: 3.1.5 (/opt/ros/humble/share/rosidl_generator_cpp/cmake)
[0.418s] -- Using all available rosidl_typesupport_c: rosidl_typesupport_fastrtps_c;rosidl_typesupport_introspection_c
[0.432s] -- Using all available rosidl_typesupport_cpp: rosidl_typesupport_fastrtps_cpp;rosidl_typesupport_introspection_cpp
[0.476s] -- Found rmw_implementation_cmake: 6.1.1 (/opt/ros/humble/share/rmw_implementation_cmake/cmake)
[0.477s] -- Found rmw_fastrtps_cpp: 6.2.6 (/opt/ros/humble/share/rmw_fastrtps_cpp/cmake)
[0.538s] -- Found OpenSSL: /usr/lib/x86_64-linux-gnu/libcrypto.so (found version "3.0.2")  
[0.556s] -- Found FastRTPS: /opt/ros/humble/include  
[0.587s] -- Using RMW implementation 'rmw_fastrtps_cpp' as default
[0.593s] -- Looking for pthread.h
[0.643s] -- Looking for pthread.h - found
[0.643s] -- Performing Test CMAKE_HAVE_LIBC_PTHREAD
[0.720s] -- Performing Test CMAKE_HAVE_LIBC_PTHREAD - Success
[0.721s] -- Found Threads: TRUE  
[0.823s] -- Found ament_lint_auto: 0.12.10 (/opt/ros/humble/share/ament_lint_auto/cmake)
[0.871s] -- Added test 'cppcheck' to perform static code analysis on C / C++ code
[0.871s] -- Configured cppcheck include dirs: 
[0.871s] -- Configured cppcheck exclude dirs and/or files: 
[0.872s] -- Added test 'lint_cmake' to check CMake code style
[0.872s] -- Added test 'uncrustify' to check C / C++ code style
[0.872s] -- Configured uncrustify additional arguments: 
[0.873s] -- Added test 'xmllint' to check XML markup files
[0.873s] -- Configuring done
[0.879s] -- Generating done
[0.880s] -- Build files have been written to: /home/dilmac/udemy_ws/build/cpp_pkg_example
[0.887s] Invoked command in '/home/dilmac/udemy_ws/build/cpp_pkg_example' returned '0': CMAKE_PREFIX_PATH=${CMAKE_PREFIX_PATH}:/home/dilmac/udemy_ws/install/py_pkg_example:/opt/ros/humble /usr/bin/cmake /home/dilmac/udemy_ws/src/cpp_pkg_example -DCMAKE_INSTALL_PREFIX=/home/dilmac/udemy_ws/install/cpp_pkg_example
[0.888s] Invoking command in '/home/dilmac/udemy_ws/build/cpp_pkg_example': CMAKE_PREFIX_PATH=${CMAKE_PREFIX_PATH}:/home/dilmac/udemy_ws/install/py_pkg_example:/opt/ros/humble /usr/bin/cmake --build /home/dilmac/udemy_ws/build/cpp_pkg_example -- -j12 -l12
[0.925s] [ 50%] [32mBuilding CXX object CMakeFiles/cpp_node.dir/src/cpp_node_example.cpp.o[0m
[0.925s] [ 50%] [32mBuilding CXX object CMakeFiles/cpp_node_oop.dir/src/cpp_node_oop.cpp.o[0m
[2.817s] [ 75%] [32m[1mLinking CXX executable cpp_node[0m
[2.885s] [ 75%] Built target cpp_node
[2.888s] [100%] [32m[1mLinking CXX executable cpp_node_oop[0m
[2.960s] [100%] Built target cpp_node_oop
[2.967s] Invoked command in '/home/dilmac/udemy_ws/build/cpp_pkg_example' returned '0': CMAKE_PREFIX_PATH=${CMAKE_PREFIX_PATH}:/home/dilmac/udemy_ws/install/py_pkg_example:/opt/ros/humble /usr/bin/cmake --build /home/dilmac/udemy_ws/build/cpp_pkg_example -- -j12 -l12
[2.990s] Invoking command in '/home/dilmac/udemy_ws/build/cpp_pkg_example': CMAKE_PREFIX_PATH=${CMAKE_PREFIX_PATH}:/home/dilmac/udemy_ws/install/py_pkg_example:/opt/ros/humble /usr/bin/cmake --install /home/dilmac/udemy_ws/build/cpp_pkg_example
[2.995s] -- Install configuration: ""
[2.995s] -- Installing: /home/dilmac/udemy_ws/install/cpp_pkg_example/lib/cpp_pkg_example/cpp_node
[2.995s] -- Set runtime path of "/home/dilmac/udemy_ws/install/cpp_pkg_example/lib/cpp_pkg_example/cpp_node" to ""
[2.995s] -- Installing: /home/dilmac/udemy_ws/install/cpp_pkg_example/lib/cpp_pkg_example/cpp_node_oop
[2.995s] -- Set runtime path of "/home/dilmac/udemy_ws/install/cpp_pkg_example/lib/cpp_pkg_example/cpp_node_oop" to ""
[2.995s] -- Installing: /home/dilmac/udemy_ws/install/cpp_pkg_example/share/ament_index/resource_index/package_run_dependencies/cpp_pkg_example
[2.996s] -- Installing: /home/dilmac/udemy_ws/install/cpp_pkg_example/share/ament_index/resource_index/parent_prefix_path/cpp_pkg_example
[2.996s] -- Installing: /home/dilmac/udemy_ws/install/cpp_pkg_example/share/cpp_pkg_example/environment/ament_prefix_path.sh
[2.996s] -- Installing: /home/dilmac/udemy_ws/install/cpp_pkg_example/share/cpp_pkg_example/environment/ament_prefix_path.dsv
[2.996s] -- Installing: /home/dilmac/udemy_ws/install/cpp_pkg_example/share/cpp_pkg_example/environment/path.sh
[2.996s] -- Installing: /home/dilmac/udemy_ws/install/cpp_pkg_example/share/cpp_pkg_example/environment/path.dsv
[2.996s] -- Installing: /home/dilmac/udemy_ws/install/cpp_pkg_example/share/cpp_pkg_example/local_setup.bash
[2.996s] -- Installing: /home/dilmac/udemy_ws/install/cpp_pkg_example/share/cpp_pkg_example/local_setup.sh
[2.996s] -- Installing: /home/dilmac/udemy_ws/install/cpp_pkg_example/share/cpp_pkg_example/local_setup.zsh
[2.997s] -- Installing: /home/dilmac/udemy_ws/install/cpp_pkg_example/share/cpp_pkg_example/local_setup.dsv
[2.997s] -- Installing: /home/dilmac/udemy_ws/install/cpp_pkg_example/share/cpp_pkg_example/package.dsv
[2.997s] -- Installing: /home/dilmac/udemy_ws/install/cpp_pkg_example/share/ament_index/resource_index/packages/cpp_pkg_example
[2.997s] -- Installing: /home/dilmac/udemy_ws/install/cpp_pkg_example/share/cpp_pkg_example/cmake/cpp_pkg_exampleConfig.cmake
[2.997s] -- Installing: /home/dilmac/udemy_ws/install/cpp_pkg_example/share/cpp_pkg_example/cmake/cpp_pkg_exampleConfig-version.cmake
[2.997s] -- Installing: /home/dilmac/udemy_ws/install/cpp_pkg_example/share/cpp_pkg_example/package.xml
[2.998s] Invoked command in '/home/dilmac/udemy_ws/build/cpp_pkg_example' returned '0': CMAKE_PREFIX_PATH=${CMAKE_PREFIX_PATH}:/home/dilmac/udemy_ws/install/py_pkg_example:/opt/ros/humble /usr/bin/cmake --install /home/dilmac/udemy_ws/build/cpp_pkg_example
