[0.009s] Invoking command in '/home/dilmac/udemy_ws/build/cpp_pkg_example': CMAKE_PREFIX_PATH=${CMAKE_PREFIX_PATH}:/home/dilmac/udemy_ws/install/py_pkg_example:/opt/ros/humble /usr/bin/cmake /home/dilmac/udemy_ws/src/cpp_pkg_example -DCMAKE_INSTALL_PREFIX=/home/dilmac/udemy_ws/install/cpp_pkg_example
[0.017s] -- Found ament_cmake: 1.3.8 (/opt/ros/humble/share/ament_cmake/cmake)
[0.179s] -- Override CMake install command with custom implementation using symlinks instead of copying resources
[0.182s] -- Found rclcpp: 16.0.8 (/opt/ros/humble/share/rclcpp/cmake)
[0.200s] -- Found rosidl_generator_c: 3.1.5 (/opt/ros/humble/share/rosidl_generator_c/cmake)
[0.201s] -- Found rosidl_adapter: 3.1.5 (/opt/ros/humble/share/rosidl_adapter/cmake)
[0.205s] -- Found rosidl_generator_cpp: 3.1.5 (/opt/ros/humble/share/rosidl_generator_cpp/cmake)
[0.211s] -- Using all available rosidl_typesupport_c: rosidl_typesupport_fastrtps_c;rosidl_typesupport_introspection_c
[0.221s] -- Using all available rosidl_typesupport_cpp: rosidl_typesupport_fastrtps_cpp;rosidl_typesupport_introspection_cpp
[0.256s] -- Found rmw_implementation_cmake: 6.1.1 (/opt/ros/humble/share/rmw_implementation_cmake/cmake)
[0.258s] -- Found rmw_fastrtps_cpp: 6.2.6 (/opt/ros/humble/share/rmw_fastrtps_cpp/cmake)
[0.331s] -- Using RMW implementation 'rmw_fastrtps_cpp' as default
[0.428s] -- Found example_interfaces: 0.9.3 (/opt/ros/humble/share/example_interfaces/cmake)
[0.525s] -- Found ament_lint_auto: 0.12.10 (/opt/ros/humble/share/ament_lint_auto/cmake)
[0.584s] -- Added test 'cppcheck' to perform static code analysis on C / C++ code
[0.584s] -- Configured cppcheck include dirs: 
[0.584s] -- Configured cppcheck exclude dirs and/or files: 
[0.584s] -- Added test 'lint_cmake' to check CMake code style
[0.585s] -- Added test 'uncrustify' to check C / C++ code style
[0.585s] -- Configured uncrustify additional arguments: 
[0.586s] -- Added test 'xmllint' to check XML markup files
[0.587s] -- Configuring done
[0.604s] -- Generating done
[0.606s] -- Build files have been written to: /home/dilmac/udemy_ws/build/cpp_pkg_example
[0.613s] Invoked command in '/home/dilmac/udemy_ws/build/cpp_pkg_example' returned '0': CMAKE_PREFIX_PATH=${CMAKE_PREFIX_PATH}:/home/dilmac/udemy_ws/install/py_pkg_example:/opt/ros/humble /usr/bin/cmake /home/dilmac/udemy_ws/src/cpp_pkg_example -DCMAKE_INSTALL_PREFIX=/home/dilmac/udemy_ws/install/cpp_pkg_example
[0.615s] Invoking command in '/home/dilmac/udemy_ws/build/cpp_pkg_example': CMAKE_PREFIX_PATH=${CMAKE_PREFIX_PATH}:/home/dilmac/udemy_ws/install/py_pkg_example:/opt/ros/humble /usr/bin/cmake --build /home/dilmac/udemy_ws/build/cpp_pkg_example -- -j12 -l12
[0.640s] [35m[1mConsolidate compiler generated dependencies of target cpp_node[0m
[0.640s] [35m[1mConsolidate compiler generated dependencies of target robot_news_station[0m
[0.640s] [35m[1mConsolidate compiler generated dependencies of target cpp_node_oop[0m
[0.640s] [35m[1mConsolidate compiler generated dependencies of target smartphone[0m
[0.652s] [ 75%] Built target cpp_node
[0.652s] [ 75%] Built target smartphone
[0.652s] [ 75%] Built target cpp_node_oop
[0.653s] [100%] Built target robot_news_station
[0.661s] Invoked command in '/home/dilmac/udemy_ws/build/cpp_pkg_example' returned '0': CMAKE_PREFIX_PATH=${CMAKE_PREFIX_PATH}:/home/dilmac/udemy_ws/install/py_pkg_example:/opt/ros/humble /usr/bin/cmake --build /home/dilmac/udemy_ws/build/cpp_pkg_example -- -j12 -l12
[0.688s] Invoking command in '/home/dilmac/udemy_ws/build/cpp_pkg_example': CMAKE_PREFIX_PATH=${CMAKE_PREFIX_PATH}:/home/dilmac/udemy_ws/install/py_pkg_example:/opt/ros/humble /usr/bin/cmake --install /home/dilmac/udemy_ws/build/cpp_pkg_example
[0.693s] -- Install configuration: ""
[0.693s] -- Execute custom install script
[0.694s] -- Up-to-date symlink: /home/dilmac/udemy_ws/install/cpp_pkg_example/lib/cpp_pkg_example/cpp_node
[0.694s] -- Up-to-date symlink: /home/dilmac/udemy_ws/install/cpp_pkg_example/lib/cpp_pkg_example/cpp_node_oop
[0.694s] -- Up-to-date symlink: /home/dilmac/udemy_ws/install/cpp_pkg_example/lib/cpp_pkg_example/robot_news_station
[0.694s] -- Up-to-date symlink: /home/dilmac/udemy_ws/install/cpp_pkg_example/lib/cpp_pkg_example/smartphone
[0.694s] -- Up-to-date symlink: /home/dilmac/udemy_ws/install/cpp_pkg_example/share/ament_index/resource_index/package_run_dependencies/cpp_pkg_example
[0.694s] -- Up-to-date symlink: /home/dilmac/udemy_ws/install/cpp_pkg_example/share/ament_index/resource_index/parent_prefix_path/cpp_pkg_example
[0.694s] -- Up-to-date symlink: /home/dilmac/udemy_ws/install/cpp_pkg_example/share/cpp_pkg_example/environment/ament_prefix_path.sh
[0.694s] -- Up-to-date symlink: /home/dilmac/udemy_ws/install/cpp_pkg_example/share/cpp_pkg_example/environment/ament_prefix_path.dsv
[0.694s] -- Up-to-date symlink: /home/dilmac/udemy_ws/install/cpp_pkg_example/share/cpp_pkg_example/environment/path.sh
[0.694s] -- Up-to-date symlink: /home/dilmac/udemy_ws/install/cpp_pkg_example/share/cpp_pkg_example/environment/path.dsv
[0.694s] -- Up-to-date symlink: /home/dilmac/udemy_ws/install/cpp_pkg_example/share/cpp_pkg_example/local_setup.bash
[0.695s] -- Up-to-date symlink: /home/dilmac/udemy_ws/install/cpp_pkg_example/share/cpp_pkg_example/local_setup.sh
[0.695s] -- Up-to-date symlink: /home/dilmac/udemy_ws/install/cpp_pkg_example/share/cpp_pkg_example/local_setup.zsh
[0.695s] -- Up-to-date symlink: /home/dilmac/udemy_ws/install/cpp_pkg_example/share/cpp_pkg_example/local_setup.dsv
[0.695s] -- Symlinking: /home/dilmac/udemy_ws/install/cpp_pkg_example/share/cpp_pkg_example/package.dsv
[0.701s] -- Up-to-date symlink: /home/dilmac/udemy_ws/install/cpp_pkg_example/share/ament_index/resource_index/packages/cpp_pkg_example
[0.701s] -- Up-to-date symlink: /home/dilmac/udemy_ws/install/cpp_pkg_example/share/cpp_pkg_example/cmake/cpp_pkg_exampleConfig.cmake
[0.701s] -- Up-to-date symlink: /home/dilmac/udemy_ws/install/cpp_pkg_example/share/cpp_pkg_example/cmake/cpp_pkg_exampleConfig-version.cmake
[0.701s] -- Up-to-date symlink: /home/dilmac/udemy_ws/install/cpp_pkg_example/share/cpp_pkg_example/package.xml
[0.702s] Invoked command in '/home/dilmac/udemy_ws/build/cpp_pkg_example' returned '0': CMAKE_PREFIX_PATH=${CMAKE_PREFIX_PATH}:/home/dilmac/udemy_ws/install/py_pkg_example:/opt/ros/humble /usr/bin/cmake --install /home/dilmac/udemy_ws/build/cpp_pkg_example
