running egg_info
writing ../../build/py_pkg_example/py_pkg_example.egg-info/PKG-INFO
writing dependency_links to ../../build/py_pkg_example/py_pkg_example.egg-info/dependency_links.txt
writing entry points to ../../build/py_pkg_example/py_pkg_example.egg-info/entry_points.txt
writing requirements to ../../build/py_pkg_example/py_pkg_example.egg-info/requires.txt
writing top-level names to ../../build/py_pkg_example/py_pkg_example.egg-info/top_level.txt
reading manifest file '../../build/py_pkg_example/py_pkg_example.egg-info/SOURCES.txt'
writing manifest file '../../build/py_pkg_example/py_pkg_example.egg-info/SOURCES.txt'
running build
running build_py
copying py_pkg_example/py_oop_node.py -> /home/dilmac/udemy_ws/build/py_pkg_example/build/lib/py_pkg_example
running install
running install_lib
copying /home/dilmac/udemy_ws/build/py_pkg_example/build/lib/py_pkg_example/py_oop_node.py -> /home/dilmac/udemy_ws/install/py_pkg_example/lib/python3.10/site-packages/py_pkg_example
byte-compiling /home/dilmac/udemy_ws/install/py_pkg_example/lib/python3.10/site-packages/py_pkg_example/py_oop_node.py to py_oop_node.cpython-310.pyc
running install_data
running install_egg_info
removing '/home/dilmac/udemy_ws/install/py_pkg_example/lib/python3.10/site-packages/py_pkg_example-0.0.0-py3.10.egg-info' (and everything under it)
Copying ../../build/py_pkg_example/py_pkg_example.egg-info to /home/dilmac/udemy_ws/install/py_pkg_example/lib/python3.10/site-packages/py_pkg_example-0.0.0-py3.10.egg-info
running install_scripts
Installing py_node script to /home/dilmac/udemy_ws/install/py_pkg_example/lib/py_pkg_example
writing list of installed files to '/home/dilmac/udemy_ws/build/py_pkg_example/install.log'
