[0.442s] Invoking command in '/home/dilmac/udemy_ws/src/py_pkg_example': PYTHONPATH=/home/dilmac/udemy_ws/build/py_pkg_example/prefix_override:/home/dilmac/udemy_ws/install/py_pkg_example/lib/python3.10/site-packages:${PYTHONPATH} /usr/bin/python3 -W ignore:setup.py install is deprecated setup.py egg_info --egg-base ../../build/py_pkg_example build --build-base /home/dilmac/udemy_ws/build/py_pkg_example/build install --record /home/dilmac/udemy_ws/build/py_pkg_example/install.log --single-version-externally-managed install_data
[0.607s] running egg_info
[0.608s] writing ../../build/py_pkg_example/py_pkg_example.egg-info/PKG-INFO
[0.608s] writing dependency_links to ../../build/py_pkg_example/py_pkg_example.egg-info/dependency_links.txt
[0.608s] writing entry points to ../../build/py_pkg_example/py_pkg_example.egg-info/entry_points.txt
[0.608s] writing requirements to ../../build/py_pkg_example/py_pkg_example.egg-info/requires.txt
[0.608s] writing top-level names to ../../build/py_pkg_example/py_pkg_example.egg-info/top_level.txt
[0.610s] reading manifest file '../../build/py_pkg_example/py_pkg_example.egg-info/SOURCES.txt'
[0.610s] writing manifest file '../../build/py_pkg_example/py_pkg_example.egg-info/SOURCES.txt'
[0.610s] running build
[0.610s] running build_py
[0.610s] copying py_pkg_example/py_oop_node.py -> /home/dilmac/udemy_ws/build/py_pkg_example/build/lib/py_pkg_example
[0.611s] running install
[0.611s] running install_lib
[0.611s] copying /home/dilmac/udemy_ws/build/py_pkg_example/build/lib/py_pkg_example/py_oop_node.py -> /home/dilmac/udemy_ws/install/py_pkg_example/lib/python3.10/site-packages/py_pkg_example
[0.612s] byte-compiling /home/dilmac/udemy_ws/install/py_pkg_example/lib/python3.10/site-packages/py_pkg_example/py_oop_node.py to py_oop_node.cpython-310.pyc
[0.612s] running install_data
[0.612s] running install_egg_info
[0.613s] removing '/home/dilmac/udemy_ws/install/py_pkg_example/lib/python3.10/site-packages/py_pkg_example-0.0.0-py3.10.egg-info' (and everything under it)
[0.613s] Copying ../../build/py_pkg_example/py_pkg_example.egg-info to /home/dilmac/udemy_ws/install/py_pkg_example/lib/python3.10/site-packages/py_pkg_example-0.0.0-py3.10.egg-info
[0.614s] running install_scripts
[0.629s] Installing py_node script to /home/dilmac/udemy_ws/install/py_pkg_example/lib/py_pkg_example
[0.630s] writing list of installed files to '/home/dilmac/udemy_ws/build/py_pkg_example/install.log'
[0.648s] Invoked command in '/home/dilmac/udemy_ws/src/py_pkg_example' returned '0': PYTHONPATH=/home/dilmac/udemy_ws/build/py_pkg_example/prefix_override:/home/dilmac/udemy_ws/install/py_pkg_example/lib/python3.10/site-packages:${PYTHONPATH} /usr/bin/python3 -W ignore:setup.py install is deprecated setup.py egg_info --egg-base ../../build/py_pkg_example build --build-base /home/dilmac/udemy_ws/build/py_pkg_example/build install --record /home/dilmac/udemy_ws/build/py_pkg_example/install.log --single-version-externally-managed install_data
