[0.668s] Invoking command in '/home/dilmac/udemy_ws/build/py_pkg_example': PYTHONPATH=/home/dilmac/udemy_ws/build/py_pkg_example/prefix_override:/home/dilmac/udemy_ws/install/py_pkg_example/lib/python3.10/site-packages:${PYTHONPATH} /usr/bin/python3 -W ignore:setup.py install is deprecated setup.py develop --uninstall --editable --build-directory /home/dilmac/udemy_ws/build/py_pkg_example/build
[0.837s] running develop
[0.846s] /usr/lib/python3/dist-packages/setuptools/command/easy_install.py:158: EasyInstallDeprecationWarning: easy_install command is deprecated. Use build and pip and other standards-based tools.
[0.846s]   warnings.warn(
[0.953s] Removing /home/dilmac/udemy_ws/install/py_pkg_example/lib/python3.10/site-packages/py-pkg-example.egg-link (link to .)
[0.973s] Invoked command in '/home/dilmac/udemy_ws/build/py_pkg_example' returned '0': PYTHONPATH=/home/dilmac/udemy_ws/build/py_pkg_example/prefix_override:/home/dilmac/udemy_ws/install/py_pkg_example/lib/python3.10/site-packages:${PYTHONPATH} /usr/bin/python3 -W ignore:setup.py install is deprecated setup.py develop --uninstall --editable --build-directory /home/dilmac/udemy_ws/build/py_pkg_example/build
[0.974s] Invoking command in '/home/dilmac/udemy_ws/src/py_pkg_example': PYTHONPATH=/home/dilmac/udemy_ws/build/py_pkg_example/prefix_override:/home/dilmac/udemy_ws/install/py_pkg_example/lib/python3.10/site-packages:${PYTHONPATH} /usr/bin/python3 -W ignore:setup.py install is deprecated setup.py egg_info --egg-base ../../build/py_pkg_example build --build-base /home/dilmac/udemy_ws/build/py_pkg_example/build install --record /home/dilmac/udemy_ws/build/py_pkg_example/install.log --single-version-externally-managed install_data --force
[1.172s] running egg_info
[1.172s] writing ../../build/py_pkg_example/py_pkg_example.egg-info/PKG-INFO
[1.172s] writing dependency_links to ../../build/py_pkg_example/py_pkg_example.egg-info/dependency_links.txt
[1.173s] writing entry points to ../../build/py_pkg_example/py_pkg_example.egg-info/entry_points.txt
[1.173s] writing requirements to ../../build/py_pkg_example/py_pkg_example.egg-info/requires.txt
[1.173s] writing top-level names to ../../build/py_pkg_example/py_pkg_example.egg-info/top_level.txt
[1.174s] reading manifest file '../../build/py_pkg_example/py_pkg_example.egg-info/SOURCES.txt'
[1.181s] writing manifest file '../../build/py_pkg_example/py_pkg_example.egg-info/SOURCES.txt'
[1.181s] running build
[1.181s] running build_py
[1.182s] copying py_pkg_example/number_publisher.py -> /home/dilmac/udemy_ws/build/py_pkg_example/build/lib/py_pkg_example
[1.182s] copying py_pkg_example/smartphone.py -> /home/dilmac/udemy_ws/build/py_pkg_example/build/lib/py_pkg_example
[1.182s] running install
[1.182s] running install_lib
[1.183s] creating /home/dilmac/udemy_ws/install/py_pkg_example/lib/python3.10/site-packages/py_pkg_example
[1.183s] copying /home/dilmac/udemy_ws/build/py_pkg_example/build/lib/py_pkg_example/news_station.py -> /home/dilmac/udemy_ws/install/py_pkg_example/lib/python3.10/site-packages/py_pkg_example
[1.183s] copying /home/dilmac/udemy_ws/build/py_pkg_example/build/lib/py_pkg_example/py_oop_node.py -> /home/dilmac/udemy_ws/install/py_pkg_example/lib/python3.10/site-packages/py_pkg_example
[1.183s] copying /home/dilmac/udemy_ws/build/py_pkg_example/build/lib/py_pkg_example/py_node_template.py -> /home/dilmac/udemy_ws/install/py_pkg_example/lib/python3.10/site-packages/py_pkg_example
[1.183s] copying /home/dilmac/udemy_ws/build/py_pkg_example/build/lib/py_pkg_example/__init__.py -> /home/dilmac/udemy_ws/install/py_pkg_example/lib/python3.10/site-packages/py_pkg_example
[1.184s] copying /home/dilmac/udemy_ws/build/py_pkg_example/build/lib/py_pkg_example/py_node_example.py -> /home/dilmac/udemy_ws/install/py_pkg_example/lib/python3.10/site-packages/py_pkg_example
[1.184s] copying /home/dilmac/udemy_ws/build/py_pkg_example/build/lib/py_pkg_example/number_publisher.py -> /home/dilmac/udemy_ws/install/py_pkg_example/lib/python3.10/site-packages/py_pkg_example
[1.184s] copying /home/dilmac/udemy_ws/build/py_pkg_example/build/lib/py_pkg_example/smartphone.py -> /home/dilmac/udemy_ws/install/py_pkg_example/lib/python3.10/site-packages/py_pkg_example
[1.184s] byte-compiling /home/dilmac/udemy_ws/install/py_pkg_example/lib/python3.10/site-packages/py_pkg_example/news_station.py to news_station.cpython-310.pyc
[1.185s] byte-compiling /home/dilmac/udemy_ws/install/py_pkg_example/lib/python3.10/site-packages/py_pkg_example/py_oop_node.py to py_oop_node.cpython-310.pyc
[1.185s] byte-compiling /home/dilmac/udemy_ws/install/py_pkg_example/lib/python3.10/site-packages/py_pkg_example/py_node_template.py to py_node_template.cpython-310.pyc
[1.185s] byte-compiling /home/dilmac/udemy_ws/install/py_pkg_example/lib/python3.10/site-packages/py_pkg_example/__init__.py to __init__.cpython-310.pyc
[1.185s] byte-compiling /home/dilmac/udemy_ws/install/py_pkg_example/lib/python3.10/site-packages/py_pkg_example/py_node_example.py to py_node_example.cpython-310.pyc
[1.185s] byte-compiling /home/dilmac/udemy_ws/install/py_pkg_example/lib/python3.10/site-packages/py_pkg_example/number_publisher.py to number_publisher.cpython-310.pyc
[1.186s] byte-compiling /home/dilmac/udemy_ws/install/py_pkg_example/lib/python3.10/site-packages/py_pkg_example/smartphone.py to smartphone.cpython-310.pyc
[1.186s] running install_data
[1.186s] copying resource/py_pkg_example -> /home/dilmac/udemy_ws/install/py_pkg_example/share/ament_index/resource_index/packages
[1.186s] copying package.xml -> /home/dilmac/udemy_ws/install/py_pkg_example/share/py_pkg_example
[1.186s] running install_egg_info
[1.188s] Copying ../../build/py_pkg_example/py_pkg_example.egg-info to /home/dilmac/udemy_ws/install/py_pkg_example/lib/python3.10/site-packages/py_pkg_example-0.0.0-py3.10.egg-info
[1.189s] running install_scripts
[1.204s] Installing number_publisher script to /home/dilmac/udemy_ws/install/py_pkg_example/lib/py_pkg_example
[1.204s] Installing py_node script to /home/dilmac/udemy_ws/install/py_pkg_example/lib/py_pkg_example
[1.204s] Installing py_oop_node script to /home/dilmac/udemy_ws/install/py_pkg_example/lib/py_pkg_example
[1.204s] Installing robot_news_station script to /home/dilmac/udemy_ws/install/py_pkg_example/lib/py_pkg_example
[1.204s] Installing smartphone script to /home/dilmac/udemy_ws/install/py_pkg_example/lib/py_pkg_example
[1.205s] writing list of installed files to '/home/dilmac/udemy_ws/build/py_pkg_example/install.log'
[1.222s] Invoked command in '/home/dilmac/udemy_ws/src/py_pkg_example' returned '0': PYTHONPATH=/home/dilmac/udemy_ws/build/py_pkg_example/prefix_override:/home/dilmac/udemy_ws/install/py_pkg_example/lib/python3.10/site-packages:${PYTHONPATH} /usr/bin/python3 -W ignore:setup.py install is deprecated setup.py egg_info --egg-base ../../build/py_pkg_example build --build-base /home/dilmac/udemy_ws/build/py_pkg_example/build install --record /home/dilmac/udemy_ws/build/py_pkg_example/install.log --single-version-externally-managed install_data --force
