[0.403s] Invoking command in '/home/dilmac/udemy_ws/build/py_pkg_example': PYTHONPATH=/home/dilmac/udemy_ws/build/py_pkg_example/prefix_override:/home/dilmac/udemy_ws/install/py_pkg_example/lib/python3.10/site-packages:${PYTHONPATH} /usr/bin/python3 -W ignore:setup.py install is deprecated setup.py develop --editable --build-directory /home/dilmac/udemy_ws/build/py_pkg_example/build --no-deps symlink_data
[0.594s] running develop
[0.594s] /usr/lib/python3/dist-packages/setuptools/command/easy_install.py:158: EasyInstallDeprecationWarning: easy_install command is deprecated. Use build and pip and other standards-based tools.
[0.594s]   warnings.warn(
[0.692s] running egg_info
[0.693s] writing py_pkg_example.egg-info/PKG-INFO
[0.693s] writing dependency_links to py_pkg_example.egg-info/dependency_links.txt
[0.693s] writing entry points to py_pkg_example.egg-info/entry_points.txt
[0.693s] writing requirements to py_pkg_example.egg-info/requires.txt
[0.693s] writing top-level names to py_pkg_example.egg-info/top_level.txt
[0.694s] reading manifest file 'py_pkg_example.egg-info/SOURCES.txt'
[0.694s] writing manifest file 'py_pkg_example.egg-info/SOURCES.txt'
[0.695s] running build_ext
[0.695s] Creating /home/dilmac/udemy_ws/install/py_pkg_example/lib/python3.10/site-packages/py-pkg-example.egg-link (link to .)
[0.696s] Installing py_node script to /home/dilmac/udemy_ws/install/py_pkg_example/lib/py_pkg_example
[0.696s] Installing py_oop_node script to /home/dilmac/udemy_ws/install/py_pkg_example/lib/py_pkg_example
[0.696s] Installing robot_news_station script to /home/dilmac/udemy_ws/install/py_pkg_example/lib/py_pkg_example
[0.696s] 
[0.696s] Installed /home/dilmac/udemy_ws/build/py_pkg_example
[0.696s] running symlink_data
[0.715s] Invoked command in '/home/dilmac/udemy_ws/build/py_pkg_example' returned '0': PYTHONPATH=/home/dilmac/udemy_ws/build/py_pkg_example/prefix_override:/home/dilmac/udemy_ws/install/py_pkg_example/lib/python3.10/site-packages:${PYTHONPATH} /usr/bin/python3 -W ignore:setup.py install is deprecated setup.py develop --editable --build-directory /home/dilmac/udemy_ws/build/py_pkg_example/build --no-deps symlink_data
