[0.011s] Invoking command in '/home/dilmac/udemy_ws/build/cpp_pkg_example': CMAKE_PREFIX_PATH=${CMAKE_PREFIX_PATH}:/home/dilmac/udemy_ws/install/py_pkg_example:/opt/ros/humble /usr/bin/cmake --build /home/dilmac/udemy_ws/build/cpp_pkg_example -- -j12 -l12
[0.028s] -- Found ament_cmake: 1.3.8 (/opt/ros/humble/share/ament_cmake/cmake)
[0.105s] -- Found rclcpp: 16.0.8 (/opt/ros/humble/share/rclcpp/cmake)
[0.123s] -- Found rosidl_generator_c: 3.1.5 (/opt/ros/humble/share/rosidl_generator_c/cmake)
[0.124s] -- Found rosidl_adapter: 3.1.5 (/opt/ros/humble/share/rosidl_adapter/cmake)
[0.128s] -- Found rosidl_generator_cpp: 3.1.5 (/opt/ros/humble/share/rosidl_generator_cpp/cmake)
[0.135s] -- Using all available rosidl_typesupport_c: rosidl_typesupport_fastrtps_c;rosidl_typesupport_introspection_c
[0.144s] -- Using all available rosidl_typesupport_cpp: rosidl_typesupport_fastrtps_cpp;rosidl_typesupport_introspection_cpp
[0.179s] -- Found rmw_implementation_cmake: 6.1.1 (/opt/ros/humble/share/rmw_implementation_cmake/cmake)
[0.180s] -- Found rmw_fastrtps_cpp: 6.2.6 (/opt/ros/humble/share/rmw_fastrtps_cpp/cmake)
[0.255s] -- Using RMW implementation 'rmw_fastrtps_cpp' as default
[0.351s] -- Found ament_lint_auto: 0.12.10 (/opt/ros/humble/share/ament_lint_auto/cmake)
[0.396s] -- Added test 'cppcheck' to perform static code analysis on C / C++ code
[0.396s] -- Configured cppcheck include dirs: 
[0.396s] -- Configured cppcheck exclude dirs and/or files: 
[0.396s] -- Added test 'lint_cmake' to check CMake code style
[0.397s] -- Added test 'uncrustify' to check C / C++ code style
[0.397s] -- Configured uncrustify additional arguments: 
[0.397s] -- Added test 'xmllint' to check XML markup files
[0.397s] -- Configuring done
[0.404s] -- Generating done
[0.404s] -- Build files have been written to: /home/dilmac/udemy_ws/build/cpp_pkg_example
[0.424s] [35m[1mConsolidate compiler generated dependencies of target cpp_node[0m
[0.430s] [ 25%] [32mBuilding CXX object CMakeFiles/cpp_node_oop.dir/src/cpp_node_oop.cpp.o[0m
[0.439s] [ 50%] [32mBuilding CXX object CMakeFiles/cpp_node.dir/src/cpp_node_example.cpp.o[0m
[2.266s] [ 75%] [32m[1mLinking CXX executable cpp_node_oop[0m
[2.266s] [100%] [32m[1mLinking CXX executable cpp_node[0m
[2.339s] [100%] Built target cpp_node
[2.339s] [100%] Built target cpp_node_oop
[2.347s] Invoked command in '/home/dilmac/udemy_ws/build/cpp_pkg_example' returned '0': CMAKE_PREFIX_PATH=${CMAKE_PREFIX_PATH}:/home/dilmac/udemy_ws/install/py_pkg_example:/opt/ros/humble /usr/bin/cmake --build /home/dilmac/udemy_ws/build/cpp_pkg_example -- -j12 -l12
[2.370s] Invoking command in '/home/dilmac/udemy_ws/build/cpp_pkg_example': CMAKE_PREFIX_PATH=${CMAKE_PREFIX_PATH}:/home/dilmac/udemy_ws/install/py_pkg_example:/opt/ros/humble /usr/bin/cmake --install /home/dilmac/udemy_ws/build/cpp_pkg_example
[2.374s] -- Install configuration: ""
[2.374s] -- Installing: /home/dilmac/udemy_ws/install/cpp_pkg_example/lib/cpp_pkg_example/cpp_node
[2.374s] -- Set runtime path of "/home/dilmac/udemy_ws/install/cpp_pkg_example/lib/cpp_pkg_example/cpp_node" to ""
[2.375s] -- Installing: /home/dilmac/udemy_ws/install/cpp_pkg_example/lib/cpp_pkg_example/cpp_node_oop
[2.375s] -- Set runtime path of "/home/dilmac/udemy_ws/install/cpp_pkg_example/lib/cpp_pkg_example/cpp_node_oop" to ""
[2.375s] -- Up-to-date: /home/dilmac/udemy_ws/install/cpp_pkg_example/share/ament_index/resource_index/package_run_dependencies/cpp_pkg_example
[2.375s] -- Up-to-date: /home/dilmac/udemy_ws/install/cpp_pkg_example/share/ament_index/resource_index/parent_prefix_path/cpp_pkg_example
[2.375s] -- Up-to-date: /home/dilmac/udemy_ws/install/cpp_pkg_example/share/cpp_pkg_example/environment/ament_prefix_path.sh
[2.375s] -- Installing: /home/dilmac/udemy_ws/install/cpp_pkg_example/share/cpp_pkg_example/environment/ament_prefix_path.dsv
[2.375s] -- Up-to-date: /home/dilmac/udemy_ws/install/cpp_pkg_example/share/cpp_pkg_example/environment/path.sh
[2.375s] -- Installing: /home/dilmac/udemy_ws/install/cpp_pkg_example/share/cpp_pkg_example/environment/path.dsv
[2.375s] -- Up-to-date: /home/dilmac/udemy_ws/install/cpp_pkg_example/share/cpp_pkg_example/local_setup.bash
[2.375s] -- Up-to-date: /home/dilmac/udemy_ws/install/cpp_pkg_example/share/cpp_pkg_example/local_setup.sh
[2.375s] -- Up-to-date: /home/dilmac/udemy_ws/install/cpp_pkg_example/share/cpp_pkg_example/local_setup.zsh
[2.375s] -- Installing: /home/dilmac/udemy_ws/install/cpp_pkg_example/share/cpp_pkg_example/local_setup.dsv
[2.375s] -- Installing: /home/dilmac/udemy_ws/install/cpp_pkg_example/share/cpp_pkg_example/package.dsv
[2.376s] -- Up-to-date: /home/dilmac/udemy_ws/install/cpp_pkg_example/share/ament_index/resource_index/packages/cpp_pkg_example
[2.376s] -- Up-to-date: /home/dilmac/udemy_ws/install/cpp_pkg_example/share/cpp_pkg_example/cmake/cpp_pkg_exampleConfig.cmake
[2.376s] -- Up-to-date: /home/dilmac/udemy_ws/install/cpp_pkg_example/share/cpp_pkg_example/cmake/cpp_pkg_exampleConfig-version.cmake
[2.376s] -- Up-to-date: /home/dilmac/udemy_ws/install/cpp_pkg_example/share/cpp_pkg_example/package.xml
[2.377s] Invoked command in '/home/dilmac/udemy_ws/build/cpp_pkg_example' returned '0': CMAKE_PREFIX_PATH=${CMAKE_PREFIX_PATH}:/home/dilmac/udemy_ws/install/py_pkg_example:/opt/ros/humble /usr/bin/cmake --install /home/dilmac/udemy_ws/build/cpp_pkg_example
