running egg_info
creating ../../build/py_pkg_example/py_pkg_example.egg-info
writing ../../build/py_pkg_example/py_pkg_example.egg-info/PKG-INFO
writing dependency_links to ../../build/py_pkg_example/py_pkg_example.egg-info/dependency_links.txt
writing entry points to ../../build/py_pkg_example/py_pkg_example.egg-info/entry_points.txt
writing requirements to ../../build/py_pkg_example/py_pkg_example.egg-info/requires.txt
writing top-level names to ../../build/py_pkg_example/py_pkg_example.egg-info/top_level.txt
writing manifest file '../../build/py_pkg_example/py_pkg_example.egg-info/SOURCES.txt'
reading manifest file '../../build/py_pkg_example/py_pkg_example.egg-info/SOURCES.txt'
writing manifest file '../../build/py_pkg_example/py_pkg_example.egg-info/SOURCES.txt'
running build
running build_py
creating /home/dilmac/udemy_ws/build/py_pkg_example/build
creating /home/dilmac/udemy_ws/build/py_pkg_example/build/lib
creating /home/dilmac/udemy_ws/build/py_pkg_example/build/lib/py_pkg_example
copying py_pkg_example/__init__.py -> /home/dilmac/udemy_ws/build/py_pkg_example/build/lib/py_pkg_example
running install
running install_lib
creating /home/dilmac/udemy_ws/install/py_pkg_example/lib/python3.10/site-packages/py_pkg_example
copying /home/dilmac/udemy_ws/build/py_pkg_example/build/lib/py_pkg_example/__init__.py -> /home/dilmac/udemy_ws/install/py_pkg_example/lib/python3.10/site-packages/py_pkg_example
byte-compiling /home/dilmac/udemy_ws/install/py_pkg_example/lib/python3.10/site-packages/py_pkg_example/__init__.py to __init__.cpython-310.pyc
running install_data
creating /home/dilmac/udemy_ws/install/py_pkg_example/share/ament_index
creating /home/dilmac/udemy_ws/install/py_pkg_example/share/ament_index/resource_index
creating /home/dilmac/udemy_ws/install/py_pkg_example/share/ament_index/resource_index/packages
copying resource/py_pkg_example -> /home/dilmac/udemy_ws/install/py_pkg_example/share/ament_index/resource_index/packages
copying package.xml -> /home/dilmac/udemy_ws/install/py_pkg_example/share/py_pkg_example
running install_egg_info
Copying ../../build/py_pkg_example/py_pkg_example.egg-info to /home/dilmac/udemy_ws/install/py_pkg_example/lib/python3.10/site-packages/py_pkg_example-0.0.0-py3.10.egg-info
running install_scripts
writing list of installed files to '/home/dilmac/udemy_ws/build/py_pkg_example/install.log'
