[0.511s] Invoking command in '/home/dilmac/udemy_ws/src/py_pkg_example': PYTHONPATH=/home/dilmac/udemy_ws/build/py_pkg_example/prefix_override:/home/dilmac/udemy_ws/install/py_pkg_example/lib/python3.10/site-packages:${PYTHONPATH} /usr/bin/python3 -W ignore:setup.py install is deprecated setup.py egg_info --egg-base ../../build/py_pkg_example build --build-base /home/dilmac/udemy_ws/build/py_pkg_example/build install --record /home/dilmac/udemy_ws/build/py_pkg_example/install.log --single-version-externally-managed install_data
[0.669s] running egg_info
[0.670s] creating ../../build/py_pkg_example/py_pkg_example.egg-info
[0.670s] writing ../../build/py_pkg_example/py_pkg_example.egg-info/PKG-INFO
[0.670s] writing dependency_links to ../../build/py_pkg_example/py_pkg_example.egg-info/dependency_links.txt
[0.670s] writing entry points to ../../build/py_pkg_example/py_pkg_example.egg-info/entry_points.txt
[0.670s] writing requirements to ../../build/py_pkg_example/py_pkg_example.egg-info/requires.txt
[0.670s] writing top-level names to ../../build/py_pkg_example/py_pkg_example.egg-info/top_level.txt
[0.670s] writing manifest file '../../build/py_pkg_example/py_pkg_example.egg-info/SOURCES.txt'
[0.671s] reading manifest file '../../build/py_pkg_example/py_pkg_example.egg-info/SOURCES.txt'
[0.672s] writing manifest file '../../build/py_pkg_example/py_pkg_example.egg-info/SOURCES.txt'
[0.672s] running build
[0.672s] running build_py
[0.672s] creating /home/dilmac/udemy_ws/build/py_pkg_example/build
[0.672s] creating /home/dilmac/udemy_ws/build/py_pkg_example/build/lib
[0.672s] creating /home/dilmac/udemy_ws/build/py_pkg_example/build/lib/py_pkg_example
[0.672s] copying py_pkg_example/__init__.py -> /home/dilmac/udemy_ws/build/py_pkg_example/build/lib/py_pkg_example
[0.672s] running install
[0.672s] running install_lib
[0.673s] creating /home/dilmac/udemy_ws/install/py_pkg_example/lib/python3.10/site-packages/py_pkg_example
[0.673s] copying /home/dilmac/udemy_ws/build/py_pkg_example/build/lib/py_pkg_example/__init__.py -> /home/dilmac/udemy_ws/install/py_pkg_example/lib/python3.10/site-packages/py_pkg_example
[0.673s] byte-compiling /home/dilmac/udemy_ws/install/py_pkg_example/lib/python3.10/site-packages/py_pkg_example/__init__.py to __init__.cpython-310.pyc
[0.673s] running install_data
[0.673s] creating /home/dilmac/udemy_ws/install/py_pkg_example/share/ament_index
[0.673s] creating /home/dilmac/udemy_ws/install/py_pkg_example/share/ament_index/resource_index
[0.673s] creating /home/dilmac/udemy_ws/install/py_pkg_example/share/ament_index/resource_index/packages
[0.673s] copying resource/py_pkg_example -> /home/dilmac/udemy_ws/install/py_pkg_example/share/ament_index/resource_index/packages
[0.673s] copying package.xml -> /home/dilmac/udemy_ws/install/py_pkg_example/share/py_pkg_example
[0.673s] running install_egg_info
[0.674s] Copying ../../build/py_pkg_example/py_pkg_example.egg-info to /home/dilmac/udemy_ws/install/py_pkg_example/lib/python3.10/site-packages/py_pkg_example-0.0.0-py3.10.egg-info
[0.675s] running install_scripts
[0.689s] writing list of installed files to '/home/dilmac/udemy_ws/build/py_pkg_example/install.log'
[0.706s] Invoked command in '/home/dilmac/udemy_ws/src/py_pkg_example' returned '0': PYTHONPATH=/home/dilmac/udemy_ws/build/py_pkg_example/prefix_override:/home/dilmac/udemy_ws/install/py_pkg_example/lib/python3.10/site-packages:${PYTHONPATH} /usr/bin/python3 -W ignore:setup.py install is deprecated setup.py egg_info --egg-base ../../build/py_pkg_example build --build-base /home/dilmac/udemy_ws/build/py_pkg_example/build install --record /home/dilmac/udemy_ws/build/py_pkg_example/install.log --single-version-externally-managed install_data
