[0.502s] Invoking command in '/home/dilmac/udemy_ws/src/py_pkg_example': PYTHONPATH=/home/dilmac/udemy_ws/build/py_pkg_example/prefix_override:/home/dilmac/udemy_ws/install/py_pkg_example/lib/python3.10/site-packages:${PYTHONPATH} /usr/bin/python3 -W ignore:setup.py install is deprecated setup.py egg_info --egg-base ../../build/py_pkg_example build --build-base /home/dilmac/udemy_ws/build/py_pkg_example/build install --record /home/dilmac/udemy_ws/build/py_pkg_example/install.log --single-version-externally-managed install_data
[0.671s] running egg_info
[0.671s] writing ../../build/py_pkg_example/py_pkg_example.egg-info/PKG-INFO
[0.671s] writing dependency_links to ../../build/py_pkg_example/py_pkg_example.egg-info/dependency_links.txt
[0.671s] writing entry points to ../../build/py_pkg_example/py_pkg_example.egg-info/entry_points.txt
[0.671s] writing requirements to ../../build/py_pkg_example/py_pkg_example.egg-info/requires.txt
[0.671s] writing top-level names to ../../build/py_pkg_example/py_pkg_example.egg-info/top_level.txt
[0.673s] reading manifest file '../../build/py_pkg_example/py_pkg_example.egg-info/SOURCES.txt'
[0.674s] writing manifest file '../../build/py_pkg_example/py_pkg_example.egg-info/SOURCES.txt'
[0.674s] running build
[0.674s] running build_py
[0.674s] running install
[0.674s] running install_lib
[0.675s] running install_data
[0.675s] running install_egg_info
[0.676s] removing '/home/dilmac/udemy_ws/install/py_pkg_example/lib/python3.10/site-packages/py_pkg_example-0.0.0-py3.10.egg-info' (and everything under it)
[0.676s] Copying ../../build/py_pkg_example/py_pkg_example.egg-info to /home/dilmac/udemy_ws/install/py_pkg_example/lib/python3.10/site-packages/py_pkg_example-0.0.0-py3.10.egg-info
[0.677s] running install_scripts
[0.692s] Installing py_node script to /home/dilmac/udemy_ws/install/py_pkg_example/lib/py_pkg_example
[0.692s] Installing py_oop_node script to /home/dilmac/udemy_ws/install/py_pkg_example/lib/py_pkg_example
[0.692s] writing list of installed files to '/home/dilmac/udemy_ws/build/py_pkg_example/install.log'
[0.710s] Invoked command in '/home/dilmac/udemy_ws/src/py_pkg_example' returned '0': PYTHONPATH=/home/dilmac/udemy_ws/build/py_pkg_example/prefix_override:/home/dilmac/udemy_ws/install/py_pkg_example/lib/python3.10/site-packages:${PYTHONPATH} /usr/bin/python3 -W ignore:setup.py install is deprecated setup.py egg_info --egg-base ../../build/py_pkg_example build --build-base /home/dilmac/udemy_ws/build/py_pkg_example/build install --record /home/dilmac/udemy_ws/build/py_pkg_example/install.log --single-version-externally-managed install_data
