[0.407s] Invoking command in '/home/dilmac/udemy_ws/build/py_pkg_example': PYTHONPATH=/home/dilmac/udemy_ws/build/py_pkg_example/prefix_override:/home/dilmac/udemy_ws/install/py_pkg_example/lib/python3.10/site-packages:${PYTHONPATH} /usr/bin/python3 -W ignore:setup.py install is deprecated setup.py develop --uninstall --editable --build-directory /home/dilmac/udemy_ws/build/py_pkg_example/build
[0.575s] running develop
[0.575s] /usr/lib/python3/dist-packages/setuptools/command/easy_install.py:158: EasyInstallDeprecationWarning: easy_install command is deprecated. Use build and pip and other standards-based tools.
[0.575s]   warnings.warn(
[0.674s] Removing /home/dilmac/udemy_ws/install/py_pkg_example/lib/python3.10/site-packages/py-pkg-example.egg-link (link to .)
[0.691s] Invoked command in '/home/dilmac/udemy_ws/build/py_pkg_example' returned '0': PYTHONPATH=/home/dilmac/udemy_ws/build/py_pkg_example/prefix_override:/home/dilmac/udemy_ws/install/py_pkg_example/lib/python3.10/site-packages:${PYTHONPATH} /usr/bin/python3 -W ignore:setup.py install is deprecated setup.py develop --uninstall --editable --build-directory /home/dilmac/udemy_ws/build/py_pkg_example/build
[0.692s] Invoking command in '/home/dilmac/udemy_ws/src/py_pkg_example': PYTHONPATH=/home/dilmac/udemy_ws/build/py_pkg_example/prefix_override:/home/dilmac/udemy_ws/install/py_pkg_example/lib/python3.10/site-packages:${PYTHONPATH} /usr/bin/python3 -W ignore:setup.py install is deprecated setup.py egg_info --egg-base ../../build/py_pkg_example build --build-base /home/dilmac/udemy_ws/build/py_pkg_example/build install --record /home/dilmac/udemy_ws/build/py_pkg_example/install.log --single-version-externally-managed install_data --force
[0.834s] running egg_info
[0.835s] writing ../../build/py_pkg_example/py_pkg_example.egg-info/PKG-INFO
[0.835s] writing dependency_links to ../../build/py_pkg_example/py_pkg_example.egg-info/dependency_links.txt
[0.835s] writing entry points to ../../build/py_pkg_example/py_pkg_example.egg-info/entry_points.txt
[0.835s] writing requirements to ../../build/py_pkg_example/py_pkg_example.egg-info/requires.txt
[0.835s] writing top-level names to ../../build/py_pkg_example/py_pkg_example.egg-info/top_level.txt
[0.836s] reading manifest file '../../build/py_pkg_example/py_pkg_example.egg-info/SOURCES.txt'
[0.837s] writing manifest file '../../build/py_pkg_example/py_pkg_example.egg-info/SOURCES.txt'
[0.837s] running build
[0.837s] running build_py
[0.837s] copying py_pkg_example/news_station.py -> /home/dilmac/udemy_ws/build/py_pkg_example/build/lib/py_pkg_example
[0.837s] copying py_pkg_example/py_node_template.py -> /home/dilmac/udemy_ws/build/py_pkg_example/build/lib/py_pkg_example
[0.837s] running install
[0.837s] running install_lib
[0.838s] creating /home/dilmac/udemy_ws/install/py_pkg_example/lib/python3.10/site-packages/py_pkg_example
[0.838s] copying /home/dilmac/udemy_ws/build/py_pkg_example/build/lib/py_pkg_example/news_station.py -> /home/dilmac/udemy_ws/install/py_pkg_example/lib/python3.10/site-packages/py_pkg_example
[0.838s] copying /home/dilmac/udemy_ws/build/py_pkg_example/build/lib/py_pkg_example/py_oop_node.py -> /home/dilmac/udemy_ws/install/py_pkg_example/lib/python3.10/site-packages/py_pkg_example
[0.838s] copying /home/dilmac/udemy_ws/build/py_pkg_example/build/lib/py_pkg_example/py_node_template.py -> /home/dilmac/udemy_ws/install/py_pkg_example/lib/python3.10/site-packages/py_pkg_example
[0.838s] copying /home/dilmac/udemy_ws/build/py_pkg_example/build/lib/py_pkg_example/__init__.py -> /home/dilmac/udemy_ws/install/py_pkg_example/lib/python3.10/site-packages/py_pkg_example
[0.838s] copying /home/dilmac/udemy_ws/build/py_pkg_example/build/lib/py_pkg_example/py_node_example.py -> /home/dilmac/udemy_ws/install/py_pkg_example/lib/python3.10/site-packages/py_pkg_example
[0.838s] byte-compiling /home/dilmac/udemy_ws/install/py_pkg_example/lib/python3.10/site-packages/py_pkg_example/news_station.py to news_station.cpython-310.pyc
[0.839s] byte-compiling /home/dilmac/udemy_ws/install/py_pkg_example/lib/python3.10/site-packages/py_pkg_example/py_oop_node.py to py_oop_node.cpython-310.pyc
[0.839s] byte-compiling /home/dilmac/udemy_ws/install/py_pkg_example/lib/python3.10/site-packages/py_pkg_example/py_node_template.py to py_node_template.cpython-310.pyc
[0.839s] byte-compiling /home/dilmac/udemy_ws/install/py_pkg_example/lib/python3.10/site-packages/py_pkg_example/__init__.py to __init__.cpython-310.pyc
[0.839s] byte-compiling /home/dilmac/udemy_ws/install/py_pkg_example/lib/python3.10/site-packages/py_pkg_example/py_node_example.py to py_node_example.cpython-310.pyc
[0.839s] running install_data
[0.839s] copying resource/py_pkg_example -> /home/dilmac/udemy_ws/install/py_pkg_example/share/ament_index/resource_index/packages
[0.839s] copying package.xml -> /home/dilmac/udemy_ws/install/py_pkg_example/share/py_pkg_example
[0.839s] running install_egg_info
[0.840s] Copying ../../build/py_pkg_example/py_pkg_example.egg-info to /home/dilmac/udemy_ws/install/py_pkg_example/lib/python3.10/site-packages/py_pkg_example-0.0.0-py3.10.egg-info
[0.843s] running install_scripts
[0.856s] Installing news_station script to /home/dilmac/udemy_ws/install/py_pkg_example/lib/py_pkg_example
[0.857s] Installing py_node script to /home/dilmac/udemy_ws/install/py_pkg_example/lib/py_pkg_example
[0.857s] Installing py_oop_node script to /home/dilmac/udemy_ws/install/py_pkg_example/lib/py_pkg_example
[0.857s] writing list of installed files to '/home/dilmac/udemy_ws/build/py_pkg_example/install.log'
[0.872s] Invoked command in '/home/dilmac/udemy_ws/src/py_pkg_example' returned '0': PYTHONPATH=/home/dilmac/udemy_ws/build/py_pkg_example/prefix_override:/home/dilmac/udemy_ws/install/py_pkg_example/lib/python3.10/site-packages:${PYTHONPATH} /usr/bin/python3 -W ignore:setup.py install is deprecated setup.py egg_info --egg-base ../../build/py_pkg_example build --build-base /home/dilmac/udemy_ws/build/py_pkg_example/build install --record /home/dilmac/udemy_ws/build/py_pkg_example/install.log --single-version-externally-managed install_data --force
